Sun Aug 22 05:23:28 UTC 2021 - Executing "openroad -python /openLANE_flow/scripts/extract_metal_layers.py -t /openLANE_flow/pdks/sky130A/libs.ref/sky130_fd_sc_hd/techlef/sky130_fd_sc_hd.tlef -o /openLANE_flow/cmp/runs/run_one/tmp/met_layers_list.txt"

Sun Aug 22 05:23:29 UTC 2021 - Executing "/openLANE_flow/scripts/mergeLef.py -i /openLANE_flow/pdks/sky130A/libs.ref/sky130_fd_sc_hd/techlef/sky130_fd_sc_hd.tlef {/openLANE_flow/pdks/sky130A/libs.ref/sky130_fd_sc_hd/lef/sky130_ef_sc_hd__fill_12.lef /openLANE_flow/pdks/sky130A/libs.ref/sky130_fd_sc_hd/lef/sky130_ef_sc_hd__fakediode_2.lef /openLANE_flow/pdks/sky130A/libs.ref/sky130_fd_sc_hd/lef/sky130_fd_sc_hd.lef /openLANE_flow/pdks/sky130A/libs.ref/sky130_fd_sc_hd/lef/sky130_ef_sc_hd__decap_12.lef} -o /openLANE_flow/cmp/runs/run_one/tmp/merged_unpadded.lef |& tee >&@stdout"

Sun Aug 22 05:23:30 UTC 2021 - Executing "/openLANE_flow/scripts/libtrim.pl /openLANE_flow/pdks/sky130A/libs.ref/sky130_fd_sc_hd/lib/sky130_fd_sc_hd__tt_025C_1v80.lib /openLANE_flow/cmp/runs/run_one/tmp/trimmed.lib.exclude.list > /openLANE_flow/cmp/runs/run_one/tmp/trimmed.lib"

Sun Aug 22 05:23:30 UTC 2021 - Executing "openroad -python /openLANE_flow/scripts/new_tracks.py -i /openLANE_flow/pdks/sky130A/libs.tech/openlane/sky130_fd_sc_hd/tracks.info -o /openLANE_flow/cmp/runs/run_one/tmp/config.tracks"

Sun Aug 22 05:23:32 UTC 2021 - Executing "echo {openlane 2021.08.02_05.21.44} > /openLANE_flow/cmp/runs/run_one/OPENLANE_VERSION"

Sun Aug 22 05:23:32 UTC 2021 - Executing "sed -E {s/^([[:space:]]+)pg_pin(.*)/\1pin\2\n\1    direction : "inout";/g} /openLANE_flow/pdks/sky130A/libs.ref/sky130_fd_sc_hd/lib/sky130_fd_sc_hd__tt_025C_1v80.lib > /openLANE_flow/cmp/runs/run_one/tmp/sky130_fd_sc_hd__tt_025C_1v80.no_pg.lib"

Sun Aug 22 05:23:33 UTC 2021 - Executing "yosys -c /openLANE_flow/scripts/synth.tcl -l /openLANE_flow/cmp/runs/run_one/logs/synthesis/1-yosys.log |& tee >&@stdout"

Sun Aug 22 05:23:35 UTC 2021 - Executing "sed -i -e {s/\(set ::env(CURRENT_NETLIST)\).*/\1 \/openLANE_flow\/cmp\/runs\/run_one\/results\/synthesis\/cmp.synthesis.v/} /openLANE_flow/cmp/runs/run_one/config.tcl"

Sun Aug 22 05:23:35 UTC 2021 - Executing "sed -i -e {s/\(set ::env(PREV_NETLIST)\).*/\1 0/} /openLANE_flow/cmp/runs/run_one/config.tcl"

Sun Aug 22 05:23:35 UTC 2021 - Executing "sed -i /defparam/d /openLANE_flow/cmp/runs/run_one/results/synthesis/cmp.synthesis.v"

Sun Aug 22 05:23:35 UTC 2021 - Executing "openroad -exit /openLANE_flow/scripts/sta.tcl |& tee >&@stdout /openLANE_flow/cmp/runs/run_one/logs/synthesis/2-opensta"

Sun Aug 22 05:23:39 UTC 2021 - Executing "openroad -exit /openLANE_flow/scripts/openroad/or_floorplan.tcl |& tee >&@stdout /openLANE_flow/cmp/runs/run_one/logs/floorplan/3-verilog2def.openroad.log"

Sun Aug 22 05:23:40 UTC 2021 - Executing "openroad -exit /openLANE_flow/scripts/openroad/or_ioplacer.tcl |& tee >&@stdout /openLANE_flow/cmp/runs/run_one/logs/floorplan/4-ioPlacer.log"

Sun Aug 22 05:23:41 UTC 2021 - Executing "openroad -exit /openLANE_flow/scripts/openroad/or_tapcell.tcl |& tee >&@stdout /openLANE_flow/cmp/runs/run_one/logs/floorplan/5-tapcell.log"

Sun Aug 22 05:23:42 UTC 2021 - Executing "openroad -exit /openLANE_flow/scripts/openroad/or_pdn.tcl |& tee >&@stdout /openLANE_flow/cmp/runs/run_one/logs/floorplan/6-pdn.log"

Sun Aug 22 05:23:44 UTC 2021 - Executing "openroad -exit /openLANE_flow/scripts/openroad/or_replace.tcl |& tee >&@stdout /openLANE_flow/cmp/runs/run_one/logs/placement/7-replace.log"

Sun Aug 22 05:23:47 UTC 2021 - Executing "openroad -exit /openLANE_flow/scripts/openroad/or_resizer.tcl |& tee >&@stdout /openLANE_flow/cmp/runs/run_one/logs/placement/7-resizer.log"

Sun Aug 22 05:23:49 UTC 2021 - Executing "openroad -exit /openLANE_flow/scripts/openroad/or_write_verilog.tcl |& tee >&@stdout /openLANE_flow/cmp/runs/run_one/logs/8-write_verilog.log"

Sun Aug 22 05:23:50 UTC 2021 - Executing "sed -i -e {s/\(set ::env(CURRENT_NETLIST)\).*/\1 \/openLANE_flow\/cmp\/runs\/run_one\/results\/synthesis\/cmp.synthesis_optimized.v/} /openLANE_flow/cmp/runs/run_one/config.tcl"

Sun Aug 22 05:23:50 UTC 2021 - Executing "sed -i -e {s/\(set ::env(PREV_NETLIST)\).*/\1 \/openLANE_flow\/cmp\/runs\/run_one\/results\/synthesis\/cmp.synthesis.v/} /openLANE_flow/cmp/runs/run_one/config.tcl"

Sun Aug 22 05:23:50 UTC 2021 - Executing "openroad -exit /openLANE_flow/scripts/sta.tcl |& tee >&@stdout /openLANE_flow/cmp/runs/run_one/logs/synthesis/9-opensta_post_resizer"

Sun Aug 22 05:23:53 UTC 2021 - Executing "openroad -exit /openLANE_flow/scripts/openroad/or_opendp.tcl |& tee >&@stdout /openLANE_flow/cmp/runs/run_one/logs/placement/10-opendp.log"

Sun Aug 22 05:23:54 UTC 2021 - Executing "openroad -python /openLANE_flow/report_generation_wrapper.py -d /openLANE_flow/cmp -dn cmp -t run_one -o /openLANE_flow/cmp/runs/run_one/reports/final_summary_report.csv -m /openLANE_flow/cmp/runs/run_one/reports/manufacturability_report.rpt -rs /openLANE_flow/cmp/runs/run_one/reports/runtime_summary_report.rpt -r /openLANE_flow/cmp/runs/run_one"

Sun Aug 22 05:34:07 UTC 2021 - Executing "echo {openlane 2021.08.02_05.21.44} > /openLANE_flow/cmp/runs/run_one/OPENLANE_VERSION"

Sun Aug 22 05:34:07 UTC 2021 - Executing "sed -i -e {s/\(set ::env(CURRENT_NETLIST)\).*/\1 \/openLANE_flow\/cmp\/runs\/run_one\/results\/synthesis\/cmp.synthesis.v/} /openLANE_flow/cmp/runs/run_one/config.tcl"

Sun Aug 22 05:34:07 UTC 2021 - Executing "sed -i -e {s/\(set ::env(PREV_NETLIST)\).*/\1 \/openLANE_flow\/cmp\/runs\/run_one\/results\/synthesis\/cmp.synthesis_optimized.v/} /openLANE_flow/cmp/runs/run_one/config.tcl"

Sun Aug 22 05:34:07 UTC 2021 - Executing "openroad -exit /openLANE_flow/scripts/sta.tcl |& tee >&@stdout /openLANE_flow/cmp/runs/run_one/logs/synthesis/11-opensta"

Sun Aug 22 05:34:12 UTC 2021 - Executing "openroad -exit /openLANE_flow/scripts/openroad/or_floorplan.tcl |& tee >&@stdout /openLANE_flow/cmp/runs/run_one/logs/floorplan/12-verilog2def.openroad.log"

Sun Aug 22 05:34:14 UTC 2021 - Executing "openroad -exit /openLANE_flow/scripts/openroad/or_ioplacer.tcl |& tee >&@stdout /openLANE_flow/cmp/runs/run_one/logs/floorplan/13-ioPlacer.log"

Sun Aug 22 05:34:16 UTC 2021 - Executing "openroad -exit /openLANE_flow/scripts/openroad/or_tapcell.tcl |& tee >&@stdout /openLANE_flow/cmp/runs/run_one/logs/floorplan/14-tapcell.log"

Sun Aug 22 05:34:18 UTC 2021 - Executing "openroad -exit /openLANE_flow/scripts/openroad/or_pdn.tcl |& tee >&@stdout /openLANE_flow/cmp/runs/run_one/logs/floorplan/15-pdn.log"

Sun Aug 22 05:34:19 UTC 2021 - Executing "openroad -exit /openLANE_flow/scripts/openroad/or_replace.tcl |& tee >&@stdout /openLANE_flow/cmp/runs/run_one/logs/placement/16-replace.log"

Sun Aug 22 05:34:23 UTC 2021 - Executing "openroad -exit /openLANE_flow/scripts/openroad/or_resizer.tcl |& tee >&@stdout /openLANE_flow/cmp/runs/run_one/logs/placement/16-resizer.log"

Sun Aug 22 05:34:25 UTC 2021 - Executing "openroad -exit /openLANE_flow/scripts/openroad/or_write_verilog.tcl |& tee >&@stdout /openLANE_flow/cmp/runs/run_one/logs/17-write_verilog.log"

Sun Aug 22 05:34:26 UTC 2021 - Executing "sed -i -e {s/\(set ::env(CURRENT_NETLIST)\).*/\1 \/openLANE_flow\/cmp\/runs\/run_one\/results\/synthesis\/cmp.synthesis_optimized.v/} /openLANE_flow/cmp/runs/run_one/config.tcl"

Sun Aug 22 05:34:26 UTC 2021 - Executing "sed -i -e {s/\(set ::env(PREV_NETLIST)\).*/\1 \/openLANE_flow\/cmp\/runs\/run_one\/results\/synthesis\/cmp.synthesis.v/} /openLANE_flow/cmp/runs/run_one/config.tcl"

Sun Aug 22 05:34:26 UTC 2021 - Executing "openroad -exit /openLANE_flow/scripts/sta.tcl |& tee >&@stdout /openLANE_flow/cmp/runs/run_one/logs/synthesis/18-opensta_post_resizer"

Sun Aug 22 05:34:29 UTC 2021 - Executing "openroad -exit /openLANE_flow/scripts/openroad/or_opendp.tcl |& tee >&@stdout /openLANE_flow/cmp/runs/run_one/logs/placement/19-opendp.log"

Sun Aug 22 05:34:30 UTC 2021 - Executing "openroad -python /openLANE_flow/report_generation_wrapper.py -d /openLANE_flow/cmp -dn cmp -t run_one -o /openLANE_flow/cmp/runs/run_one/reports/final_summary_report.csv -m /openLANE_flow/cmp/runs/run_one/reports/manufacturability_report.rpt -rs /openLANE_flow/cmp/runs/run_one/reports/runtime_summary_report.rpt -r /openLANE_flow/cmp/runs/run_one"

