OpenROAD 1 4d4d7205fd0292dbf3fae55fad9109b3f0bd5786
This program is licensed under the BSD-3 license. See the LICENSE file for details.
Components of this program may be licensed under more restrictive licenses which must be honored.
[INFO ODB-0222] Reading LEF file: /openLANE_flow/cmp/runs/run_one/tmp/merged_unpadded.lef
[INFO ODB-0223]     Created 13 technology layers
[INFO ODB-0224]     Created 25 technology vias
[INFO ODB-0225]     Created 440 library cells
[INFO ODB-0226] Finished LEF file:  /openLANE_flow/cmp/runs/run_one/tmp/merged_unpadded.lef
[INFO ODB-0127] Reading DEF file: /openLANE_flow/cmp/runs/run_one/tmp/placement/16-resizer.def
[INFO ODB-0128] Design: cmp
[INFO ODB-0130]     Created 12 pins.
[INFO ODB-0131]     Created 32 components and 168 component-terminals.
[INFO ODB-0132]     Created 2 special nets and 120 connections.
[INFO ODB-0133]     Created 25 nets and 48 connections.
[INFO ODB-0134] Finished DEF file: /openLANE_flow/cmp/runs/run_one/tmp/placement/16-resizer.def
[WARNING DPL-0019] detailed placement failed on input8
Placement Analysis
---------------------------------
total displacement          5.0 u
average displacement        0.2 u
max displacement            5.0 u
original HPWL             318.9 u
legalized HPWL            331.1 u
delta HPWL                    4 %

[INFO DPL-0020] Mirrored 8 instances
[INFO DPL-0021] HPWL before             331.1 u
[INFO DPL-0022] HPWL after              322.6 u
[INFO DPL-0023] HPWL delta               -2.6 %
[WARNING DPL-0005] Overlap check failed (1).
 input8 overlaps input7
