OpenROAD 1 4d4d7205fd0292dbf3fae55fad9109b3f0bd5786
This program is licensed under the BSD-3 license. See the LICENSE file for details.
Components of this program may be licensed under more restrictive licenses which must be honored.
[INFO ODB-0222] Reading LEF file: /openLANE_flow/cmp/runs/run_one/tmp/merged_unpadded.lef
[INFO ODB-0223]     Created 13 technology layers
[INFO ODB-0224]     Created 25 technology vias
[INFO ODB-0225]     Created 440 library cells
[INFO ODB-0226] Finished LEF file:  /openLANE_flow/cmp/runs/run_one/tmp/merged_unpadded.lef
[INFO ODB-0127] Reading DEF file: /openLANE_flow/cmp/runs/run_one/tmp/placement/7-replace.def
[INFO ODB-0128] Design: cmp
[INFO ODB-0130]     Created 12 pins.
[INFO ODB-0131]     Created 13 components and 82 component-terminals.
[INFO ODB-0132]     Created 2 special nets and 52 connections.
[INFO ODB-0133]     Created 16 nets and 30 connections.
[INFO ODB-0134] Finished DEF file: /openLANE_flow/cmp/runs/run_one/tmp/placement/7-replace.def
create_clock [get_ports $::env(CLOCK_PORT)]  -name $::env(CLOCK_PORT)  -period $::env(CLOCK_PERIOD)
set input_delay_value [expr $::env(CLOCK_PERIOD) * $::env(IO_PCT)]
set output_delay_value [expr $::env(CLOCK_PERIOD) * $::env(IO_PCT)]
puts "\[INFO\]: Setting output delay to: $output_delay_value"
[INFO]: Setting output delay to: 20.0
puts "\[INFO\]: Setting input delay to: $input_delay_value"
[INFO]: Setting input delay to: 20.0
set_max_fanout $::env(SYNTH_MAX_FANOUT) [current_design]
set clk_indx [lsearch [all_inputs] [get_port $::env(CLOCK_PORT)]]
#set rst_indx [lsearch [all_inputs] [get_port resetn]]
set all_inputs_wo_clk [lreplace [all_inputs] $clk_indx $clk_indx]
#set all_inputs_wo_clk_rst [lreplace $all_inputs_wo_clk $rst_indx $rst_indx]
set all_inputs_wo_clk_rst $all_inputs_wo_clk
# correct resetn
set_input_delay $input_delay_value  -clock [get_clocks $::env(CLOCK_PORT)] $all_inputs_wo_clk_rst
#set_input_delay 0.0 -clock [get_clocks $::env(CLOCK_PORT)] {resetn}
set_output_delay $output_delay_value  -clock [get_clocks $::env(CLOCK_PORT)] [all_outputs]
# TODO set this as parameter
set_driving_cell -lib_cell $::env(SYNTH_DRIVING_CELL) -pin $::env(SYNTH_DRIVING_CELL_PIN) [all_inputs]
set cap_load [expr $::env(SYNTH_CAP_LOAD) / 1000.0]
puts "\[INFO\]: Setting load to: $cap_load"
[INFO]: Setting load to: 0.01765
set_load  $cap_load [all_outputs]
[INFO RSZ-0027] Inserted 8 input buffers.
[INFO RSZ-0028] Inserted 1 output buffers.
[INFO RSZ-0058] Using max wire length 4269um.
[INFO RSZ-0039] Resized 12 instances.
[WARNING DPL-0019] detailed placement failed on _11_
[WARNING DPL-0019] detailed placement failed on _08_
[WARNING DPL-0019] detailed placement failed on _09_
[WARNING DPL-0019] detailed placement failed on _12_
[WARNING DPL-0019] detailed placement failed on input1
[WARNING DPL-0019] detailed placement failed on input2
[WARNING DPL-0019] detailed placement failed on input3
[WARNING DPL-0019] detailed placement failed on input4
[WARNING DPL-0019] detailed placement failed on input5
[WARNING DPL-0019] detailed placement failed on _10_
[WARNING DPL-0019] detailed placement failed on input8
Placement Analysis
---------------------------------
total displacement         55.3 u
average displacement        2.5 u
max displacement           13.4 u
original HPWL             205.4 u
legalized HPWL            206.9 u
delta HPWL                    1 %

[INFO DPL-0020] Mirrored 7 instances
[INFO DPL-0021] HPWL before             206.9 u
[INFO DPL-0022] HPWL after              197.1 u
[INFO DPL-0023] HPWL delta               -4.7 %
[WARNING DPL-0005] Overlap check failed (12).
 _08_ overlaps _06_
 _09_ overlaps _06_
 _10_ overlaps _07_
 _11_ overlaps _06_
 _12_ overlaps _06_
 input1 overlaps _07_
 input3 overlaps _07_
 input5 overlaps _06_
 input6 overlaps _07_
 input7 overlaps input2
 input8 overlaps _07_
 output9 overlaps input4
