OpenROAD 1 4d4d7205fd0292dbf3fae55fad9109b3f0bd5786
This program is licensed under the BSD-3 license. See the LICENSE file for details.
Components of this program may be licensed under more restrictive licenses which must be honored.
[INFO ODB-0222] Reading LEF file: /openLANE_flow/cmp/runs/run_three/tmp/merged_unpadded.lef
[INFO ODB-0223]     Created 13 technology layers
[INFO ODB-0224]     Created 25 technology vias
[INFO ODB-0225]     Created 440 library cells
[INFO ODB-0226] Finished LEF file:  /openLANE_flow/cmp/runs/run_three/tmp/merged_unpadded.lef
[INFO ODB-0127] Reading DEF file: /openLANE_flow/cmp/runs/run_three/tmp/placement/21-resizer_timing.def
[INFO ODB-0128] Design: cmp
[INFO ODB-0130]     Created 12 pins.
[INFO ODB-0131]     Created 32 components and 168 component-terminals.
[INFO ODB-0132]     Created 2 special nets and 120 connections.
[INFO ODB-0133]     Created 25 nets and 48 connections.
[INFO ODB-0134] Finished DEF file: /openLANE_flow/cmp/runs/run_three/tmp/placement/21-resizer_timing.def
[INFO GRT-0020] Min routing layer: li1
[INFO GRT-0021] Max routing layer: met5
[INFO GRT-0022] Global adjustment: 0%
[INFO GRT-0023] Grid origin: (0, 0)
[WARNING GRT-0043] No OR_DEFAULT vias defined.
[INFO GRT-0224] Chose via L1M1_PR as default.
[INFO GRT-0224] Chose via M1M2_PR as default.
[INFO GRT-0224] Chose via M2M3_PR as default.
[INFO GRT-0224] Chose via M3M4_PR as default.
[INFO GRT-0224] Chose via M4M5_PR as default.
[INFO GRT-0088] Layer li1     Track-Pitch = 0.4600  line-2-Via Pitch: 0.3400
[INFO GRT-0088] Layer met1    Track-Pitch = 0.3400  line-2-Via Pitch: 0.3400
[INFO GRT-0088] Layer met2    Track-Pitch = 0.4600  line-2-Via Pitch: 0.3500
[INFO GRT-0088] Layer met3    Track-Pitch = 0.6800  line-2-Via Pitch: 0.6150
[INFO GRT-0088] Layer met4    Track-Pitch = 0.9200  line-2-Via Pitch: 1.0400
[INFO GRT-0088] Layer met5    Track-Pitch = 3.4000  line-2-Via Pitch: 3.1100
[INFO GRT-0003] Macros: 0
[INFO GRT-0004] Blockages: 555
[INFO GRT-0019] Found 0 clock nets.
[INFO GRT-0001] Minimum degree: 2
[INFO GRT-0002] Maximum degree: 3
[INFO GRT-0017] Processing 413 blockages on layer li1.
[INFO GRT-0017] Processing 71 blockages on layer met1.
[INFO GRT-0017] Processing 5 blockages on layer met4.
[INFO GRT-0017] Processing 5 blockages on layer met5.

[INFO GRT-0053] Routing resources analysis:
          Routing      Original      Derated      Resource
Layer     Direction    Resources     Resources    Reduction (%)
---------------------------------------------------------------
li1        Vertical          300            64          78.67%
met1       Horizontal        400           301          24.75%
met2       Vertical          300           244          18.67%
met3       Horizontal        200           165          17.50%
met4       Vertical          120            94          21.67%
met5       Horizontal         40            30          25.00%
---------------------------------------------------------------

[INFO GRT-0191] Wirelength: 33, Wirelength1: 0
[INFO GRT-0192] Number of segments: 18
[INFO GRT-0193] Number of shifts: 0
[INFO GRT-0097] First L Route.
[INFO GRT-0191] Wirelength: 33, Wirelength1: 33
[INFO GRT-0192] Number of segments: 18
[INFO GRT-0193] Number of shifts: 0
[INFO GRT-0135] Overflow Report:
[INFO GRT-0136] Total hCap        : 496
[INFO GRT-0137] Total vCap        : 402
[INFO GRT-0138] Total usage       : 33
[INFO GRT-0139] Max H overflow    : 0
[INFO GRT-0140] Max V overflow    : 0
[INFO GRT-0141] Max overflow      : 0
[INFO GRT-0142] Num overflow edges: 0
[INFO GRT-0143] H   overflow      : 0
[INFO GRT-0144] V   overflow      : 0
[INFO GRT-0145] Final overflow    : 0

[INFO GRT-0098] Second L Route.
[INFO GRT-0135] Overflow Report:
[INFO GRT-0136] Total hCap        : 496
[INFO GRT-0137] Total vCap        : 402
[INFO GRT-0138] Total usage       : 33
[INFO GRT-0139] Max H overflow    : 0
[INFO GRT-0140] Max V overflow    : 0
[INFO GRT-0141] Max overflow      : 0
[INFO GRT-0142] Num overflow edges: 0
[INFO GRT-0143] H   overflow      : 0
[INFO GRT-0144] V   overflow      : 0
[INFO GRT-0145] Final overflow    : 0

[INFO GRT-0099] First Z Route.
[INFO GRT-0135] Overflow Report:
[INFO GRT-0136] Total hCap        : 496
[INFO GRT-0137] Total vCap        : 402
[INFO GRT-0138] Total usage       : 33
[INFO GRT-0139] Max H overflow    : 0
[INFO GRT-0140] Max V overflow    : 0
[INFO GRT-0141] Max overflow      : 0
[INFO GRT-0142] Num overflow edges: 0
[INFO GRT-0143] H   overflow      : 0
[INFO GRT-0144] V   overflow      : 0
[INFO GRT-0145] Final overflow    : 0

[INFO GRT-0100] LV routing round 0, enlarge 10.
[INFO GRT-0182] 10 threshold, 10 expand.
[INFO GRT-0126] Overflow report:
[INFO GRT-0127] Total usage          : 33
[INFO GRT-0128] Max H overflow       : 0
[INFO GRT-0129] Max V overflow       : 0
[INFO GRT-0130] Max overflow         : 0
[INFO GRT-0131] Number overflow edges: 0
[INFO GRT-0132] H   overflow         : 0
[INFO GRT-0133] V   overflow         : 0
[INFO GRT-0134] Final overflow       : 0

[INFO GRT-0100] LV routing round 1, enlarge 15.
[INFO GRT-0182] 5 threshold, 15 expand.
[INFO GRT-0126] Overflow report:
[INFO GRT-0127] Total usage          : 33
[INFO GRT-0128] Max H overflow       : 0
[INFO GRT-0129] Max V overflow       : 0
[INFO GRT-0130] Max overflow         : 0
[INFO GRT-0131] Number overflow edges: 0
[INFO GRT-0132] H   overflow         : 0
[INFO GRT-0133] V   overflow         : 0
[INFO GRT-0134] Final overflow       : 0

[INFO GRT-0100] LV routing round 2, enlarge 20.
[INFO GRT-0182] 1 threshold, 20 expand.
[INFO GRT-0126] Overflow report:
[INFO GRT-0127] Total usage          : 33
[INFO GRT-0128] Max H overflow       : 0
[INFO GRT-0129] Max V overflow       : 0
[INFO GRT-0130] Max overflow         : 0
[INFO GRT-0131] Number overflow edges: 0
[INFO GRT-0132] H   overflow         : 0
[INFO GRT-0133] V   overflow         : 0
[INFO GRT-0134] Final overflow       : 0

Usage checked
[INFO GRT-0105] Maze routing finished.
Final 2D results:
[INFO GRT-0126] Overflow report:
[INFO GRT-0127] Total usage          : 33
[INFO GRT-0128] Max H overflow       : 0
[INFO GRT-0129] Max V overflow       : 0
[INFO GRT-0130] Max overflow         : 0
[INFO GRT-0131] Number overflow edges: 0
[INFO GRT-0132] H   overflow         : 0
[INFO GRT-0133] V   overflow         : 0
[INFO GRT-0134] Final overflow       : 0

[INFO GRT-0106] Layer assignment begins.
[INFO GRT-0107] Layer assignment finished.
[INFO GRT-0108] Post-processing begins.
[INFO GRT-0109] Post-processsing finished.
 Starting via filling.
[INFO GRT-0197] Via related to pin nodes: 52
[INFO GRT-0198] Via related steiner nodes: 0
[INFO GRT-0199] Via filling finished.
[INFO GRT-0111] Final number of vias: 64
[INFO GRT-0112] Final usage 3D: 225
[WARNING GRT-0211] dbGcellGrid already exists in db. Clearing existing dbGCellGrid

[INFO GRT-0096] Final congestion report:
Layer         Resource        Demand        Usage (%)    Max H / Max V / Total Overflow
---------------------------------------------------------------------------------------
li1                 64             2            3.12%             0 /  0 /  0
met1               301            14            4.65%             0 /  0 /  0
met2               244            17            6.97%             0 /  0 /  0
met3               165             0            0.00%             0 /  0 /  0
met4                94             0            0.00%             0 /  0 /  0
met5                30             0            0.00%             0 /  0 /  0
---------------------------------------------------------------------------------------
Total              898            33            3.67%             0 /  0 /  0

[INFO GRT-0018] Total wirelength: 641 um
[INFO GRT-0006] Repairing antennas, iteration 1.
[WARNING GRT-0043] No OR_DEFAULT vias defined.
[INFO GRT-0224] Chose via L1M1_PR as default.
[INFO GRT-0224] Chose via M1M2_PR as default.
[INFO GRT-0224] Chose via M2M3_PR as default.
[INFO GRT-0224] Chose via M3M4_PR as default.
[INFO GRT-0224] Chose via M4M5_PR as default.
Notice 0: Split top of 1 T shapes.
Notice 0: Split top of 1 T shapes.
Notice 0: Split top of 1 T shapes.
Notice 0: Split top of 1 T shapes.
Notice 0: Split top of 1 T shapes.
Notice 0: Split top of 1 T shapes.
Notice 0: Split top of 1 T shapes.
Notice 0: Split top of 1 T shapes.
Notice 0: Split top of 1 T shapes.
[INFO GRT-0012] Antenna violations: 0
[INFO GRT-0014] Routed nets: 25
create_clock [get_ports $::env(CLOCK_PORT)]  -name $::env(CLOCK_PORT)  -period $::env(CLOCK_PERIOD)
set input_delay_value [expr $::env(CLOCK_PERIOD) * $::env(IO_PCT)]
set output_delay_value [expr $::env(CLOCK_PERIOD) * $::env(IO_PCT)]
puts "\[INFO\]: Setting output delay to: $output_delay_value"
[INFO]: Setting output delay to: 20.0
puts "\[INFO\]: Setting input delay to: $input_delay_value"
[INFO]: Setting input delay to: 20.0
set_max_fanout $::env(SYNTH_MAX_FANOUT) [current_design]
set clk_indx [lsearch [all_inputs] [get_port $::env(CLOCK_PORT)]]
#set rst_indx [lsearch [all_inputs] [get_port resetn]]
set all_inputs_wo_clk [lreplace [all_inputs] $clk_indx $clk_indx]
#set all_inputs_wo_clk_rst [lreplace $all_inputs_wo_clk $rst_indx $rst_indx]
set all_inputs_wo_clk_rst $all_inputs_wo_clk
# correct resetn
set_input_delay $input_delay_value  -clock [get_clocks $::env(CLOCK_PORT)] $all_inputs_wo_clk_rst
#set_input_delay 0.0 -clock [get_clocks $::env(CLOCK_PORT)] {resetn}
set_output_delay $output_delay_value  -clock [get_clocks $::env(CLOCK_PORT)] [all_outputs]
# TODO set this as parameter
set_driving_cell -lib_cell $::env(SYNTH_DRIVING_CELL) -pin $::env(SYNTH_DRIVING_CELL_PIN) [all_inputs]
set cap_load [expr $::env(SYNTH_CAP_LOAD) / 1000.0]
puts "\[INFO\]: Setting load to: $cap_load"
[INFO]: Setting load to: 0.01765
set_load  $cap_load [all_outputs]
No paths found.
Startpoint: clk (clock source 'clk')
Endpoint: out (output port clocked by clk)
Path Group: clk
Path Type: min

Fanout     Cap    Slew   Delay    Time   Description
-----------------------------------------------------------------------------
                  0.00    0.00    0.00   clock clk (rise edge)
                          0.28    0.28   clock network delay
                                  0.28 ^ out (out)
                                  0.28   data arrival time

                  0.00    0.00    0.00   clock clk (rise edge)
                          0.00    0.00   clock network delay (ideal)
                          0.00    0.00   clock reconvergence pessimism
                        -20.00  -20.00   output external delay
                                -20.00   data required time
-----------------------------------------------------------------------------
                                -20.00   data required time
                                 -0.28   data arrival time
-----------------------------------------------------------------------------
                                 20.28   slack (MET)


Startpoint: clk (clock source 'clk')
Endpoint: out (output port clocked by clk)
Path Group: clk
Path Type: max

Fanout     Cap    Slew   Delay    Time   Description
-----------------------------------------------------------------------------
                  0.00   50.00   50.00   clock clk (fall edge)
                          0.57   50.57   clock network delay
                                 50.57 v out (out)
                                 50.57   data arrival time

                  0.00  100.00  100.00   clock clk (rise edge)
                          0.00  100.00   clock network delay (ideal)
                          0.00  100.00   clock reconvergence pessimism
                        -20.00   80.00   output external delay
                                 80.00   data required time
-----------------------------------------------------------------------------
                                 80.00   data required time
                                -50.57   data arrival time
-----------------------------------------------------------------------------
                                 29.43   slack (MET)


No paths found.
wns 0.00
tns 0.00
