0-prep 0h0m4s655ms
1-yosys 0h0m2s197ms
2-opensta 0h0m4s2ms
3-verilog2def_openroad 0h0m1s785ms
4-ioPlacer 0h0m1s76ms
5-tapcell 0h0m0s960ms
6-pdn 0h0m1s440ms
7-replace 0h0m2s796ms
7-resizer 0h0m2s68ms
8-write_verilog 0h0m1s256ms
9-opensta_post_resizer 0h0m3s23ms
10-prep 0h0m2s334ms
11-opensta 0h0m4s472ms
12-verilog2def_openroad 0h0m2s479ms
13-ioPlacer 0h0m1s987ms
14-tapcell 0h0m1s343ms
15-pdn 0h0m1s626ms
16-replace 0h0m3s123ms
16-resizer 0h0m2s276ms
17-write_verilog 0h0m1s80ms
18-opensta_post_resizer 0h0m2s535ms