OpenROAD 1 4d4d7205fd0292dbf3fae55fad9109b3f0bd5786
This program is licensed under the BSD-3 license. See the LICENSE file for details.
Components of this program may be licensed under more restrictive licenses which must be honored.
[INFO ODB-0222] Reading LEF file: /openLANE_flow/cmp/runs/run_three/tmp/merged_unpadded.lef
[INFO ODB-0223]     Created 13 technology layers
[INFO ODB-0224]     Created 25 technology vias
[INFO ODB-0225]     Created 440 library cells
[INFO ODB-0226] Finished LEF file:  /openLANE_flow/cmp/runs/run_three/tmp/merged_unpadded.lef
[INFO ODB-0127] Reading DEF file: /openLANE_flow/cmp/runs/run_three/tmp/placement/7-resizer.def
[INFO ODB-0128] Design: cmp
[INFO ODB-0130]     Created 12 pins.
[INFO ODB-0131]     Created 22 components and 136 component-terminals.
[INFO ODB-0132]     Created 2 special nets and 88 connections.
[INFO ODB-0133]     Created 25 nets and 48 connections.
[INFO ODB-0134] Finished DEF file: /openLANE_flow/cmp/runs/run_three/tmp/placement/7-resizer.def
[WARNING DPL-0019] detailed placement failed on _11_
[WARNING DPL-0019] detailed placement failed on _08_
[WARNING DPL-0019] detailed placement failed on _09_
[WARNING DPL-0019] detailed placement failed on _12_
[WARNING DPL-0019] detailed placement failed on input1
[WARNING DPL-0019] detailed placement failed on input2
[WARNING DPL-0019] detailed placement failed on input3
[WARNING DPL-0019] detailed placement failed on input4
[WARNING DPL-0019] detailed placement failed on input5
[WARNING DPL-0019] detailed placement failed on input6
[WARNING DPL-0019] detailed placement failed on input7
[WARNING DPL-0019] detailed placement failed on input8
Placement Analysis
---------------------------------
total displacement          8.2 u
average displacement        0.4 u
max displacement            5.4 u
original HPWL             197.1 u
legalized HPWL            217.6 u
delta HPWL                   10 %

[INFO DPL-0020] Mirrored 7 instances
[INFO DPL-0021] HPWL before             217.6 u
[INFO DPL-0022] HPWL after              207.7 u
[INFO DPL-0023] HPWL delta               -4.5 %
[WARNING DPL-0005] Overlap check failed (12).
 _08_ overlaps _06_
 _09_ overlaps _06_
 _11_ overlaps _06_
 _12_ overlaps _07_
 input1 overlaps _07_
 input2 overlaps _10_
 input3 overlaps _07_
 input5 overlaps _06_
 input6 overlaps _07_
 input7 overlaps _10_
 input8 overlaps _07_
 output9 overlaps input4
