Sun Aug 22 04:56:28 UTC 2021 - Executing "openroad -python /openLANE_flow/scripts/extract_metal_layers.py -t /openLANE_flow/pdks/sky130A/libs.ref/sky130_fd_sc_hd/techlef/sky130_fd_sc_hd.tlef -o /openLANE_flow/cmp/runs/run_three/tmp/met_layers_list.txt"

Sun Aug 22 04:56:29 UTC 2021 - Executing "/openLANE_flow/scripts/mergeLef.py -i /openLANE_flow/pdks/sky130A/libs.ref/sky130_fd_sc_hd/techlef/sky130_fd_sc_hd.tlef {/openLANE_flow/pdks/sky130A/libs.ref/sky130_fd_sc_hd/lef/sky130_ef_sc_hd__fill_12.lef /openLANE_flow/pdks/sky130A/libs.ref/sky130_fd_sc_hd/lef/sky130_ef_sc_hd__fakediode_2.lef /openLANE_flow/pdks/sky130A/libs.ref/sky130_fd_sc_hd/lef/sky130_fd_sc_hd.lef /openLANE_flow/pdks/sky130A/libs.ref/sky130_fd_sc_hd/lef/sky130_ef_sc_hd__decap_12.lef} -o /openLANE_flow/cmp/runs/run_three/tmp/merged_unpadded.lef |& tee >&@stdout"

Sun Aug 22 04:56:30 UTC 2021 - Executing "/openLANE_flow/scripts/libtrim.pl /openLANE_flow/pdks/sky130A/libs.ref/sky130_fd_sc_hd/lib/sky130_fd_sc_hd__tt_025C_1v80.lib /openLANE_flow/cmp/runs/run_three/tmp/trimmed.lib.exclude.list > /openLANE_flow/cmp/runs/run_three/tmp/trimmed.lib"

Sun Aug 22 04:56:30 UTC 2021 - Executing "openroad -python /openLANE_flow/scripts/new_tracks.py -i /openLANE_flow/pdks/sky130A/libs.tech/openlane/sky130_fd_sc_hd/tracks.info -o /openLANE_flow/cmp/runs/run_three/tmp/config.tracks"

Sun Aug 22 04:56:32 UTC 2021 - Executing "echo {openlane 2021.08.02_05.21.44} > /openLANE_flow/cmp/runs/run_three/OPENLANE_VERSION"

Sun Aug 22 04:56:32 UTC 2021 - Executing "sed -E {s/^([[:space:]]+)pg_pin(.*)/\1pin\2\n\1    direction : "inout";/g} /openLANE_flow/pdks/sky130A/libs.ref/sky130_fd_sc_hd/lib/sky130_fd_sc_hd__tt_025C_1v80.lib > /openLANE_flow/cmp/runs/run_three/tmp/sky130_fd_sc_hd__tt_025C_1v80.no_pg.lib"

Sun Aug 22 04:56:32 UTC 2021 - Executing "yosys -c /openLANE_flow/scripts/synth.tcl -l /openLANE_flow/cmp/runs/run_three/logs/synthesis/1-yosys.log |& tee >&@stdout"

Sun Aug 22 04:56:34 UTC 2021 - Executing "sed -i -e {s/\(set ::env(CURRENT_NETLIST)\).*/\1 \/openLANE_flow\/cmp\/runs\/run_three\/results\/synthesis\/cmp.synthesis.v/} /openLANE_flow/cmp/runs/run_three/config.tcl"

Sun Aug 22 04:56:34 UTC 2021 - Executing "sed -i -e {s/\(set ::env(PREV_NETLIST)\).*/\1 0/} /openLANE_flow/cmp/runs/run_three/config.tcl"

Sun Aug 22 04:56:34 UTC 2021 - Executing "sed -i /defparam/d /openLANE_flow/cmp/runs/run_three/results/synthesis/cmp.synthesis.v"

Sun Aug 22 04:56:34 UTC 2021 - Executing "openroad -exit /openLANE_flow/scripts/sta.tcl |& tee >&@stdout /openLANE_flow/cmp/runs/run_three/logs/synthesis/2-opensta"

Sun Aug 22 04:56:38 UTC 2021 - Executing "openroad -exit /openLANE_flow/scripts/openroad/or_floorplan.tcl |& tee >&@stdout /openLANE_flow/cmp/runs/run_three/logs/floorplan/3-verilog2def.openroad.log"

Sun Aug 22 04:56:40 UTC 2021 - Executing "openroad -exit /openLANE_flow/scripts/openroad/or_ioplacer.tcl |& tee >&@stdout /openLANE_flow/cmp/runs/run_three/logs/floorplan/4-ioPlacer.log"

Sun Aug 22 04:56:41 UTC 2021 - Executing "openroad -exit /openLANE_flow/scripts/openroad/or_tapcell.tcl |& tee >&@stdout /openLANE_flow/cmp/runs/run_three/logs/floorplan/5-tapcell.log"

Sun Aug 22 04:56:42 UTC 2021 - Executing "openroad -exit /openLANE_flow/scripts/openroad/or_pdn.tcl |& tee >&@stdout /openLANE_flow/cmp/runs/run_three/logs/floorplan/6-pdn.log"

Sun Aug 22 04:56:44 UTC 2021 - Executing "openroad -exit /openLANE_flow/scripts/openroad/or_replace.tcl |& tee >&@stdout /openLANE_flow/cmp/runs/run_three/logs/placement/7-replace.log"

Sun Aug 22 04:56:47 UTC 2021 - Executing "openroad -exit /openLANE_flow/scripts/openroad/or_resizer.tcl |& tee >&@stdout /openLANE_flow/cmp/runs/run_three/logs/placement/7-resizer.log"

Sun Aug 22 04:56:48 UTC 2021 - Executing "openroad -exit /openLANE_flow/scripts/openroad/or_write_verilog.tcl |& tee >&@stdout /openLANE_flow/cmp/runs/run_three/logs/8-write_verilog.log"

Sun Aug 22 04:56:49 UTC 2021 - Executing "sed -i -e {s/\(set ::env(CURRENT_NETLIST)\).*/\1 \/openLANE_flow\/cmp\/runs\/run_three\/results\/synthesis\/cmp.synthesis_optimized.v/} /openLANE_flow/cmp/runs/run_three/config.tcl"

Sun Aug 22 04:56:49 UTC 2021 - Executing "sed -i -e {s/\(set ::env(PREV_NETLIST)\).*/\1 \/openLANE_flow\/cmp\/runs\/run_three\/results\/synthesis\/cmp.synthesis.v/} /openLANE_flow/cmp/runs/run_three/config.tcl"

Sun Aug 22 04:56:49 UTC 2021 - Executing "openroad -exit /openLANE_flow/scripts/sta.tcl |& tee >&@stdout /openLANE_flow/cmp/runs/run_three/logs/synthesis/9-opensta_post_resizer"

Sun Aug 22 04:56:52 UTC 2021 - Executing "openroad -exit /openLANE_flow/scripts/openroad/or_opendp.tcl |& tee >&@stdout /openLANE_flow/cmp/runs/run_three/logs/placement/10-opendp.log"

Sun Aug 22 04:56:53 UTC 2021 - Executing "openroad -python /openLANE_flow/report_generation_wrapper.py -d /openLANE_flow/cmp -dn cmp -t run_three -o /openLANE_flow/cmp/runs/run_three/reports/final_summary_report.csv -m /openLANE_flow/cmp/runs/run_three/reports/manufacturability_report.rpt -rs /openLANE_flow/cmp/runs/run_three/reports/runtime_summary_report.rpt -r /openLANE_flow/cmp/runs/run_three"

Sun Aug 22 04:58:34 UTC 2021 - Executing "echo {openlane 2021.08.02_05.21.44} > /openLANE_flow/cmp/runs/run_three/OPENLANE_VERSION"

Sun Aug 22 04:58:34 UTC 2021 - Executing "sed -i -e {s/\(set ::env(CURRENT_NETLIST)\).*/\1 \/openLANE_flow\/cmp\/runs\/run_three\/results\/synthesis\/cmp.synthesis.v/} /openLANE_flow/cmp/runs/run_three/config.tcl"

Sun Aug 22 04:58:35 UTC 2021 - Executing "sed -i -e {s/\(set ::env(PREV_NETLIST)\).*/\1 \/openLANE_flow\/cmp\/runs\/run_three\/results\/synthesis\/cmp.synthesis_optimized.v/} /openLANE_flow/cmp/runs/run_three/config.tcl"

Sun Aug 22 04:58:35 UTC 2021 - Executing "openroad -exit /openLANE_flow/scripts/sta.tcl |& tee >&@stdout /openLANE_flow/cmp/runs/run_three/logs/synthesis/11-opensta"

Sun Aug 22 04:58:39 UTC 2021 - Executing "openroad -exit /openLANE_flow/scripts/openroad/or_floorplan.tcl |& tee >&@stdout /openLANE_flow/cmp/runs/run_three/logs/floorplan/12-verilog2def.openroad.log"

Sun Aug 22 04:58:41 UTC 2021 - Executing "openroad -exit /openLANE_flow/scripts/openroad/or_ioplacer.tcl |& tee >&@stdout /openLANE_flow/cmp/runs/run_three/logs/floorplan/13-ioPlacer.log"

Sun Aug 22 04:58:43 UTC 2021 - Executing "openroad -exit /openLANE_flow/scripts/openroad/or_tapcell.tcl |& tee >&@stdout /openLANE_flow/cmp/runs/run_three/logs/floorplan/14-tapcell.log"

Sun Aug 22 04:58:44 UTC 2021 - Executing "openroad -exit /openLANE_flow/scripts/openroad/or_pdn.tcl |& tee >&@stdout /openLANE_flow/cmp/runs/run_three/logs/floorplan/15-pdn.log"

Sun Aug 22 04:58:45 UTC 2021 - Executing "openroad -exit /openLANE_flow/scripts/openroad/or_replace.tcl |& tee >&@stdout /openLANE_flow/cmp/runs/run_three/logs/placement/16-replace.log"

Sun Aug 22 04:58:48 UTC 2021 - Executing "openroad -exit /openLANE_flow/scripts/openroad/or_resizer.tcl |& tee >&@stdout /openLANE_flow/cmp/runs/run_three/logs/placement/16-resizer.log"

Sun Aug 22 04:58:50 UTC 2021 - Executing "openroad -exit /openLANE_flow/scripts/openroad/or_write_verilog.tcl |& tee >&@stdout /openLANE_flow/cmp/runs/run_three/logs/17-write_verilog.log"

Sun Aug 22 04:58:51 UTC 2021 - Executing "sed -i -e {s/\(set ::env(CURRENT_NETLIST)\).*/\1 \/openLANE_flow\/cmp\/runs\/run_three\/results\/synthesis\/cmp.synthesis_optimized.v/} /openLANE_flow/cmp/runs/run_three/config.tcl"

Sun Aug 22 04:58:51 UTC 2021 - Executing "sed -i -e {s/\(set ::env(PREV_NETLIST)\).*/\1 \/openLANE_flow\/cmp\/runs\/run_three\/results\/synthesis\/cmp.synthesis.v/} /openLANE_flow/cmp/runs/run_three/config.tcl"

Sun Aug 22 04:58:51 UTC 2021 - Executing "openroad -exit /openLANE_flow/scripts/sta.tcl |& tee >&@stdout /openLANE_flow/cmp/runs/run_three/logs/synthesis/18-opensta_post_resizer"

Sun Aug 22 04:58:53 UTC 2021 - Executing "openroad -exit /openLANE_flow/scripts/openroad/or_opendp.tcl |& tee >&@stdout /openLANE_flow/cmp/runs/run_three/logs/placement/19-opendp.log"

Sun Aug 22 04:58:54 UTC 2021 - Executing "/openLANE_flow/scripts/libtrim.pl /openLANE_flow/pdks/sky130A/libs.ref/sky130_fd_sc_hd/lib/sky130_fd_sc_hd__tt_025C_1v80.lib /openLANE_flow/cmp/runs/run_three/tmp/cts.lib.exclude.list > /openLANE_flow/cmp/runs/run_three/tmp/cts.lib"

Sun Aug 22 04:58:54 UTC 2021 - Executing "openroad -exit /openLANE_flow/scripts/openroad/or_cts.tcl |& tee >&@stdout /openLANE_flow/cmp/runs/run_three/logs/cts/20-cts.log"

Sun Aug 22 05:00:35 UTC 2021 - Executing "openroad -exit /openLANE_flow/scripts/openroad/or_write_verilog.tcl |& tee >&@stdout /openLANE_flow/cmp/runs/run_three/logs/21-write_verilog.log"

Sun Aug 22 05:00:36 UTC 2021 - Executing "sed -i -e {s/\(set ::env(CURRENT_NETLIST)\).*/\1 \/openLANE_flow\/cmp\/runs\/run_three\/results\/synthesis\/cmp.synthesis_cts.v/} /openLANE_flow/cmp/runs/run_three/config.tcl"

Sun Aug 22 05:00:36 UTC 2021 - Executing "sed -i -e {s/\(set ::env(PREV_NETLIST)\).*/\1 \/openLANE_flow\/cmp\/runs\/run_three\/results\/synthesis\/cmp.synthesis_optimized.v/} /openLANE_flow/cmp/runs/run_three/config.tcl"

Sun Aug 22 05:00:36 UTC 2021 - Executing "openroad -exit /openLANE_flow/scripts/openroad/or_resizer_timing.tcl |& tee >&@stdout /openLANE_flow/cmp/runs/run_three/logs/placement/21-resizer_timing.log"

Sun Aug 22 05:00:37 UTC 2021 - Executing "openroad -exit /openLANE_flow/scripts/openroad/or_write_verilog.tcl |& tee >&@stdout /openLANE_flow/cmp/runs/run_three/logs/22-write_verilog.log"

Sun Aug 22 05:00:38 UTC 2021 - Executing "sed -i -e {s/\(set ::env(CURRENT_NETLIST)\).*/\1 \/openLANE_flow\/cmp\/runs\/run_three\/results\/synthesis\/cmp.synthesis_optimized.v/} /openLANE_flow/cmp/runs/run_three/config.tcl"

Sun Aug 22 05:00:38 UTC 2021 - Executing "sed -i -e {s/\(set ::env(PREV_NETLIST)\).*/\1 \/openLANE_flow\/cmp\/runs\/run_three\/results\/synthesis\/cmp.synthesis_cts.v/} /openLANE_flow/cmp/runs/run_three/config.tcl"

Sun Aug 22 05:00:38 UTC 2021 - Executing "openroad -exit /openLANE_flow/scripts/sta.tcl |& tee >&@stdout /openLANE_flow/cmp/runs/run_three/logs/synthesis/23-opensta_post_resizer_timing"

Sun Aug 22 05:00:41 UTC 2021 - Executing "openroad -exit /openLANE_flow/scripts/openroad/or_groute.tcl |& tee >&@stdout /openLANE_flow/cmp/runs/run_three/logs/routing/24-fastroute.log"

Sun Aug 22 05:00:43 UTC 2021 - Executing "openroad -exit /openLANE_flow/scripts/openroad/or_fill.tcl |& tee >&@stdout /openLANE_flow/cmp/runs/run_three/logs/routing/25-addspacers.log"

Sun Aug 22 05:00:45 UTC 2021 - Executing "openroad -exit /openLANE_flow/scripts/openroad/or_write_verilog.tcl |& tee >&@stdout /openLANE_flow/cmp/runs/run_three/logs/26-write_verilog.log"

Sun Aug 22 05:00:46 UTC 2021 - Executing "sed -i -e {s/\(set ::env(CURRENT_NETLIST)\).*/\1 \/openLANE_flow\/cmp\/runs\/run_three\/results\/synthesis\/cmp.synthesis_preroute.v/} /openLANE_flow/cmp/runs/run_three/config.tcl"

Sun Aug 22 05:00:46 UTC 2021 - Executing "sed -i -e {s/\(set ::env(PREV_NETLIST)\).*/\1 \/openLANE_flow\/cmp\/runs\/run_three\/results\/synthesis\/cmp.synthesis_optimized.v/} /openLANE_flow/cmp/runs/run_three/config.tcl"

Sun Aug 22 05:00:46 UTC 2021 - Executing "envsubst < /openLANE_flow/scripts/tritonRoute.param > /openLANE_flow/cmp/runs/run_three/tmp/routing/27-tritonRoute.param"

Sun Aug 22 05:00:46 UTC 2021 - Executing "openroad -exit /openLANE_flow/scripts/openroad/or_droute.tcl |& tee >&@stdout /openLANE_flow/cmp/runs/run_three/logs/routing/27-tritonRoute.log"

Sun Aug 22 05:00:48 UTC 2021 - Executing "openroad -python /openLANE_flow/scripts/tr2klayout.py -i /openLANE_flow/cmp/runs/run_three/reports/routing/27-tritonRoute.drc -o /openLANE_flow/cmp/runs/run_three/reports/routing/27-tritonRoute.klayout.xml --design-name cmp"

Sun Aug 22 05:00:49 UTC 2021 - Executing "openroad -python /openLANE_flow/scripts/spef_extractor/main.py -l /openLANE_flow/cmp/runs/run_three/tmp/merged_unpadded.lef -d /openLANE_flow/cmp/runs/run_three/results/routing/26-cmp.def -mw L -ec 1 |& tee >&@stdout /openLANE_flow/cmp/runs/run_three/logs/routing/28-spef_extraction.log"

Sun Aug 22 05:00:50 UTC 2021 - Executing "openroad -exit /openLANE_flow/scripts/sta.tcl |& tee >&@stdout /openLANE_flow/cmp/runs/run_three/logs/synthesis/29-opensta_spef"

Sun Aug 22 05:00:53 UTC 2021 - Executing "openroad -python /openLANE_flow/scripts/write_powered_def.py -d /openLANE_flow/cmp/runs/run_three/results/routing/26-cmp.def -l /openLANE_flow/cmp/runs/run_three/tmp/merged.lef --power-port VPWR --ground-port VGND --powered-netlist {} -o /openLANE_flow/cmp/runs/run_three/tmp/routing/30-cmp.powered.def |& tee >&@stdout /openLANE_flow/cmp/runs/run_three/logs/lvs/30-write_powered_verilog.log"

Sun Aug 22 05:00:54 UTC 2021 - Executing "openroad -exit /openLANE_flow/scripts/openroad/or_write_verilog.tcl |& tee >&@stdout /openLANE_flow/cmp/runs/run_three/logs/31-write_verilog.log"

Sun Aug 22 05:00:55 UTC 2021 - Executing "sed -i -e {s/\(set ::env(CURRENT_NETLIST)\).*/\1 \/openLANE_flow\/cmp\/runs\/run_three\/results\/lvs\/cmp.lvs.powered.v/} /openLANE_flow/cmp/runs/run_three/config.tcl"

Sun Aug 22 05:00:55 UTC 2021 - Executing "sed -i -e {s/\(set ::env(PREV_NETLIST)\).*/\1 \/openLANE_flow\/cmp\/runs\/run_three\/results\/synthesis\/cmp.synthesis_preroute.v/} /openLANE_flow/cmp/runs/run_three/config.tcl"

Sun Aug 22 05:00:55 UTC 2021 - Executing "magic -noconsole -dnull -rcfile /openLANE_flow/pdks/sky130A/libs.tech/magic/sky130A.magicrc /openLANE_flow/scripts/magic/mag_gds.tcl </dev/null |& tee >&@stdout /openLANE_flow/cmp/runs/run_three/logs/magic/32-magic.log"

Sun Aug 22 05:00:55 UTC 2021 - Executing "magic -noconsole -dnull -rcfile /openLANE_flow/pdks/sky130A/libs.tech/magic/sky130A.magicrc /openLANE_flow/scripts/magic/gds_pointers.tcl </dev/null |& tee >&@stdout /openLANE_flow/cmp/runs/run_three/logs/magic/33-magic.mag.gds_ptrs.log"

Sun Aug 22 05:00:56 UTC 2021 - Executing "sed -i -n {/^<< properties >>/,/^<< end >>/p} /openLANE_flow/cmp/runs/run_three/tmp/magic/magic_gds_ptrs.mag"

Sun Aug 22 05:00:56 UTC 2021 - Executing "magic -noconsole -dnull -rcfile /openLANE_flow/pdks/sky130A/libs.tech/magic/sky130A.magicrc /openLANE_flow/scripts/magic/lef.tcl </dev/null |& tee >&@stdout /openLANE_flow/cmp/runs/run_three/logs/magic/34-magic.lef.log"

Sun Aug 22 05:00:56 UTC 2021 - Executing "magic -noconsole -dnull -rcfile /openLANE_flow/pdks/sky130A/libs.tech/magic/sky130A.magicrc /openLANE_flow/scripts/magic/maglef.tcl </dev/null |& tee >&@stdout /openLANE_flow/cmp/runs/run_three/logs/magic/35-magic.maglef.log"

Sun Aug 22 05:00:57 UTC 2021 - Executing "bash /openLANE_flow/scripts/klayout/def2gds.sh /openLANE_flow/pdks/sky130A/libs.tech/klayout/sky130A.lyt /openLANE_flow/cmp/runs/run_three/results/routing/26-cmp.def cmp /openLANE_flow/cmp/runs/run_three/results/klayout/cmp.gds {/openLANE_flow/pdks/sky130A/libs.ref/sky130_fd_sc_hd/gds/sky130_ef_sc_hd__fakediode_2.gds /openLANE_flow/pdks/sky130A/libs.ref/sky130_fd_sc_hd/gds/sky130_ef_sc_hd__fill_12.gds /openLANE_flow/pdks/sky130A/libs.ref/sky130_fd_sc_hd/gds/sky130_fd_sc_hd.gds /openLANE_flow/pdks/sky130A/libs.ref/sky130_fd_sc_hd/gds/sky130_ef_sc_hd__decap_12.gds } |& tee >&@stdout /openLANE_flow/cmp/runs/run_three/logs/klayout/36-klayout.log"

Sun Aug 22 05:01:04 UTC 2021 - Executing "bash /openLANE_flow/scripts/klayout/xor.sh /openLANE_flow/cmp/runs/run_three/results/magic/cmp.gds /openLANE_flow/cmp/runs/run_three/results/klayout/cmp.gds cmp /openLANE_flow/cmp/runs/run_three/results/klayout/cmp.xor.gds |& tee >&@stdout /openLANE_flow/cmp/runs/run_three/logs/klayout/37-klayout.xor.log"

Sun Aug 22 05:01:16 UTC 2021 - Executing "openroad -python /openLANE_flow/scripts/parse_klayout_xor_log.py -l /openLANE_flow/cmp/runs/run_three/logs/klayout/37-klayout.xor.log -o /openLANE_flow/cmp/runs/run_three/reports/klayout/37-klayout.xor.rpt"

Sun Aug 22 05:01:17 UTC 2021 - Executing "bash /openLANE_flow/scripts/klayout/xor.sh /openLANE_flow/cmp/runs/run_three/results/magic/cmp.gds /openLANE_flow/cmp/runs/run_three/results/klayout/cmp.gds cmp /openLANE_flow/cmp/runs/run_three/results/klayout/cmp.xor.xml |& tee >&@stdout /openLANE_flow/cmp/runs/run_three/logs/klayout/38-klayout.xor.log"

Sun Aug 22 05:01:26 UTC 2021 - Executing "openroad -python /openLANE_flow/scripts/parse_klayout_xor_log.py -l /openLANE_flow/cmp/runs/run_three/logs/klayout/38-klayout.xor.log -o /openLANE_flow/cmp/runs/run_three/reports/klayout/38-klayout.xor.rpt"

Sun Aug 22 05:01:27 UTC 2021 - Executing "magic -noconsole -dnull -rcfile /openLANE_flow/pdks/sky130A/libs.tech/magic/sky130A.magicrc /openLANE_flow/cmp/runs/run_three/tmp/magic_spice.tcl </dev/null |& tee >&@stdout /openLANE_flow/cmp/runs/run_three/logs/magic/39-magic_spice.log"

Sun Aug 22 05:01:28 UTC 2021 - Executing "netgen -batch source /openLANE_flow/cmp/runs/run_three/tmp/lvs/setup_file.lef.lvs |& tee >&@stdout /openLANE_flow/cmp/runs/run_three/logs/lvs/40-lvs.lef.log"

Sun Aug 22 05:01:28 UTC 2021 - Executing "magic -noconsole -dnull -rcfile /openLANE_flow/pdks/sky130A/libs.tech/magic/sky130A.magicrc /openLANE_flow/scripts/magic/drc.tcl </dev/null |& tee >&@stdout /openLANE_flow/cmp/runs/run_three/logs/magic/41-magic.drc.log"

Sun Aug 22 05:01:29 UTC 2021 - Executing "openroad -python /openLANE_flow/scripts/magic_drc_to_tcl.py -i /openLANE_flow/cmp/runs/run_three/reports/magic/41-magic.drc -o /openLANE_flow/cmp/runs/run_three/reports/magic/41-magic.drc.tcl"

Sun Aug 22 05:01:30 UTC 2021 - Executing "openroad -python /openLANE_flow/scripts/magic_drc_to_tr_drc.py -i /openLANE_flow/cmp/runs/run_three/reports/magic/41-magic.drc -o /openLANE_flow/cmp/runs/run_three/reports/magic/41-magic.tr.drc"

Sun Aug 22 05:01:31 UTC 2021 - Executing "openroad -python /openLANE_flow/scripts/tr2klayout.py -i /openLANE_flow/cmp/runs/run_three/reports/magic/41-magic.tr.drc -o /openLANE_flow/cmp/runs/run_three/reports/magic/41-magic.drc.klayout.xml --design-name cmp"

Sun Aug 22 05:01:32 UTC 2021 - Executing "openroad -python /openLANE_flow/scripts/magic_drc_to_rdb.py --magic_drc_in /openLANE_flow/cmp/runs/run_three/reports/magic/41-magic.drc --rdb_out /openLANE_flow/cmp/runs/run_three/reports/magic/41-magic.drc.rdb"

Sun Aug 22 05:01:33 UTC 2021 - Executing "openroad -python /openLANE_flow/report_generation_wrapper.py -d /openLANE_flow/cmp -dn cmp -t run_three -o /openLANE_flow/cmp/runs/run_three/reports/final_summary_report.csv -m /openLANE_flow/cmp/runs/run_three/reports/manufacturability_report.rpt -rs /openLANE_flow/cmp/runs/run_three/reports/runtime_summary_report.rpt -r /openLANE_flow/cmp/runs/run_three"

Sun Aug 22 05:01:36 UTC 2021 - Executing "openroad -exit /openLANE_flow/scripts/openroad/or_antenna_check.tcl |& tee >&@stdout /openLANE_flow/cmp/runs/run_three/logs/routing/42-or_antenna.log"

Sun Aug 22 05:01:37 UTC 2021 - Executing "mv -f /openLANE_flow/cmp/runs/run_three/reports/routing/antenna.rpt /openLANE_flow/cmp/runs/run_three/reports/routing/43-antenna.rpt"

Sun Aug 22 05:01:37 UTC 2021 - Executing "awk { BEGIN {  # Print power and standard_input definitions
    print "VPWR power 1.8";
    print "VGND power 0.0";
    print "#define std_input min@VGND max@VPWR";
}
$1 == "input" {  # Print input nets
    gsub(/;/, "");
    if ( $2 == "VPWR" || $2 == "VGND" ) {  # ignore power nets
        next;
    }
    if ( NF == 3 ) {  # print buses as net[range]
        $2 = $3 $2;
    }
    print $2, "input std_input";
}} /openLANE_flow/cmp/runs/run_three/results/lvs/cmp.lvs.powered.v > /openLANE_flow/cmp/runs/run_three/results/cvc/cmp.power"

Sun Aug 22 05:01:37 UTC 2021 - Executing "awk { /Black-box entry subcircuit/ {  # remove black-box defintions
    while ( $1 != ".ends" ) {
        getline;
    }
    getline;
}
/^\*/ {  # remove comments
    next;
}
/^.ENDS .*/ {  # remove name from ends lines
    print $1;
    next;
}
 {
    print $0;
}} /openLANE_flow/pdks/sky130A/libs.ref/sky130_fd_sc_hd/cdl/sky130_fd_sc_hd.cdl /openLANE_flow/cmp/runs/run_three/results/magic/cmp.lef.spice > /openLANE_flow/cmp/runs/run_three/results/cvc/cmp.cdl"

Sun Aug 22 05:01:37 UTC 2021 - Executing "cvc /openLANE_flow/scripts/cvc/sky130A/cvcrc.sky130A |& tee >&@stdout /openLANE_flow/cmp/runs/run_three/logs/cvc/44-cvc_screen.log"

Sun Aug 22 05:01:38 UTC 2021 - Executing "openroad -python /openLANE_flow/report_generation_wrapper.py -d /openLANE_flow/cmp -dn cmp -t run_three -o /openLANE_flow/cmp/runs/run_three/reports/final_summary_report.csv -m /openLANE_flow/cmp/runs/run_three/reports/manufacturability_report.rpt -rs /openLANE_flow/cmp/runs/run_three/reports/runtime_summary_report.rpt -r /openLANE_flow/cmp/runs/run_three"

Sun Aug 22 05:02:27 UTC 2021 - Executing "echo {openlane 2021.08.02_05.21.44} > /openLANE_flow/cmp/runs/run_three/OPENLANE_VERSION"

Sun Aug 22 05:02:27 UTC 2021 - Executing "sed -E {s/^([[:space:]]+)pg_pin(.*)/\1pin\2\n\1    direction : "inout";/g} /openLANE_flow/pdks/sky130A/libs.ref/sky130_fd_sc_hd/lib/sky130_fd_sc_hd__tt_025C_1v80.lib > /openLANE_flow/cmp/runs/run_three/tmp/sky130_fd_sc_hd__tt_025C_1v80.no_pg.lib"

Sun Aug 22 05:02:27 UTC 2021 - Executing "yosys -c /openLANE_flow/scripts/synth.tcl -l /openLANE_flow/cmp/runs/run_three/logs/synthesis/45-yosys.log |& tee >&@stdout"

Sun Aug 22 05:02:37 UTC 2021 - Executing "sed -i -e {s/\(set ::env(CURRENT_NETLIST)\).*/\1 \/openLANE_flow\/cmp\/runs\/run_three\/results\/synthesis\/cmp.synthesis.v/} /openLANE_flow/cmp/runs/run_three/config.tcl"

Sun Aug 22 05:02:37 UTC 2021 - Executing "sed -i -e {s/\(set ::env(PREV_NETLIST)\).*/\1 \/openLANE_flow\/cmp\/runs\/run_three\/results\/lvs\/cmp.lvs.powered.v/} /openLANE_flow/cmp/runs/run_three/config.tcl"

Sun Aug 22 05:02:37 UTC 2021 - Executing "perl /openLANE_flow/scripts/synth_exp/analyze.pl /openLANE_flow/cmp/runs/run_three/logs/synthesis/45-yosys.log > /openLANE_flow/cmp/runs/run_three/reports/synthesis/yosys.exploration.html"

Sun Aug 22 05:03:14 UTC 2021 - Executing "echo {openlane 2021.08.02_05.21.44} > /openLANE_flow/cmp/runs/run_three/OPENLANE_VERSION"

Sun Aug 22 05:03:14 UTC 2021 - Executing "sed -E {s/^([[:space:]]+)pg_pin(.*)/\1pin\2\n\1    direction : "inout";/g} /openLANE_flow/pdks/sky130A/libs.ref/sky130_fd_sc_hd/lib/sky130_fd_sc_hd__tt_025C_1v80.lib > /openLANE_flow/cmp/runs/run_three/tmp/sky130_fd_sc_hd__tt_025C_1v80.no_pg.lib"

Sun Aug 22 05:03:14 UTC 2021 - Executing "yosys -c /openLANE_flow/scripts/synth.tcl -l /openLANE_flow/cmp/runs/run_three/logs/synthesis/46-yosys.log |& tee >&@stdout"

Sun Aug 22 05:03:23 UTC 2021 - Executing "sed -i -e {s/\(set ::env(CURRENT_NETLIST)\).*/\1 \/openLANE_flow\/cmp\/runs\/run_three\/results\/synthesis\/cmp.synthesis.v/} /openLANE_flow/cmp/runs/run_three/config.tcl"

Sun Aug 22 05:03:23 UTC 2021 - Executing "sed -i -e {s/\(set ::env(PREV_NETLIST)\).*/\1 \/openLANE_flow\/cmp\/runs\/run_three\/results\/synthesis\/cmp.synthesis.v/} /openLANE_flow/cmp/runs/run_three/config.tcl"

Sun Aug 22 05:03:23 UTC 2021 - Executing "perl /openLANE_flow/scripts/synth_exp/analyze.pl /openLANE_flow/cmp/runs/run_three/logs/synthesis/46-yosys.log > /openLANE_flow/cmp/runs/run_three/reports/synthesis/yosys.exploration.html"

Sun Aug 22 05:04:07 UTC 2021 - Executing "echo {openlane 2021.08.02_05.21.44} > /openLANE_flow/cmp/runs/run_three/OPENLANE_VERSION"

Sun Aug 22 05:04:07 UTC 2021 - Executing "sed -E {s/^([[:space:]]+)pg_pin(.*)/\1pin\2\n\1    direction : "inout";/g} /openLANE_flow/pdks/sky130A/libs.ref/sky130_fd_sc_hd/lib/sky130_fd_sc_hd__tt_025C_1v80.lib > /openLANE_flow/cmp/runs/run_three/tmp/sky130_fd_sc_hd__tt_025C_1v80.no_pg.lib"

Sun Aug 22 05:04:08 UTC 2021 - Executing "yosys -c /openLANE_flow/scripts/synth.tcl -l /openLANE_flow/cmp/runs/run_three/logs/synthesis/47-yosys.log |& tee >&@stdout"

Sun Aug 22 05:04:17 UTC 2021 - Executing "sed -i -e {s/\(set ::env(CURRENT_NETLIST)\).*/\1 \/openLANE_flow\/cmp\/runs\/run_three\/results\/synthesis\/cmp.synthesis.v/} /openLANE_flow/cmp/runs/run_three/config.tcl"

Sun Aug 22 05:04:17 UTC 2021 - Executing "sed -i -e {s/\(set ::env(PREV_NETLIST)\).*/\1 \/openLANE_flow\/cmp\/runs\/run_three\/results\/synthesis\/cmp.synthesis.v/} /openLANE_flow/cmp/runs/run_three/config.tcl"

Sun Aug 22 05:04:17 UTC 2021 - Executing "perl /openLANE_flow/scripts/synth_exp/analyze.pl /openLANE_flow/cmp/runs/run_three/logs/synthesis/47-yosys.log > /openLANE_flow/cmp/runs/run_three/reports/synthesis/yosys.exploration.html"

Sun Aug 22 05:14:18 UTC 2021 - Executing "echo {openlane 2021.08.02_05.21.44} > /openLANE_flow/cmp/runs/run_three/OPENLANE_VERSION"

Sun Aug 22 05:14:18 UTC 2021 - Executing "openroad -python /openLANE_flow/report_generation_wrapper.py -d /openLANE_flow/cmp -dn cmp -t run_three -o /openLANE_flow/cmp/runs/run_three/reports/final_summary_report.csv -m /openLANE_flow/cmp/runs/run_three/reports/manufacturability_report.rpt -rs /openLANE_flow/cmp/runs/run_three/reports/runtime_summary_report.rpt -r /openLANE_flow/cmp/runs/run_three"

Sun Aug 22 05:15:14 UTC 2021 - Executing "echo {openlane 2021.08.02_05.21.44} > /openLANE_flow/cmp/runs/run_three/OPENLANE_VERSION"

Sun Aug 22 05:15:14 UTC 2021 - Executing "sed -i -e {s/\(set ::env(CURRENT_NETLIST)\).*/\1 \/openLANE_flow\/cmp\/runs\/run_three\/results\/synthesis\/cmp.synthesis.v/} /openLANE_flow/cmp/runs/run_three/config.tcl"

Sun Aug 22 05:15:14 UTC 2021 - Executing "sed -i -e {s/\(set ::env(PREV_NETLIST)\).*/\1 \/openLANE_flow\/cmp\/runs\/run_three\/results\/synthesis\/cmp.synthesis.v/} /openLANE_flow/cmp/runs/run_three/config.tcl"

Sun Aug 22 05:15:14 UTC 2021 - Executing "openroad -exit /openLANE_flow/scripts/sta.tcl |& tee >&@stdout /openLANE_flow/cmp/runs/run_three/logs/synthesis/48-opensta"

Sun Aug 22 05:15:18 UTC 2021 - Executing "openroad -exit /openLANE_flow/scripts/openroad/or_floorplan.tcl |& tee >&@stdout /openLANE_flow/cmp/runs/run_three/logs/floorplan/49-verilog2def.openroad.log"

Sun Aug 22 05:15:20 UTC 2021 - Executing "openroad -exit /openLANE_flow/scripts/openroad/or_ioplacer.tcl |& tee >&@stdout /openLANE_flow/cmp/runs/run_three/logs/floorplan/50-ioPlacer.log"

Sun Aug 22 05:15:22 UTC 2021 - Executing "openroad -exit /openLANE_flow/scripts/openroad/or_tapcell.tcl |& tee >&@stdout /openLANE_flow/cmp/runs/run_three/logs/floorplan/51-tapcell.log"

Sun Aug 22 05:15:23 UTC 2021 - Executing "openroad -exit /openLANE_flow/scripts/openroad/or_pdn.tcl |& tee >&@stdout /openLANE_flow/cmp/runs/run_three/logs/floorplan/52-pdn.log"

Sun Aug 22 05:15:25 UTC 2021 - Executing "openroad -exit /openLANE_flow/scripts/openroad/or_replace.tcl |& tee >&@stdout /openLANE_flow/cmp/runs/run_three/logs/placement/53-replace.log"

Sun Aug 22 05:15:27 UTC 2021 - Executing "openroad -exit /openLANE_flow/scripts/openroad/or_resizer.tcl |& tee >&@stdout /openLANE_flow/cmp/runs/run_three/logs/placement/53-resizer.log"

Sun Aug 22 05:15:29 UTC 2021 - Executing "openroad -exit /openLANE_flow/scripts/openroad/or_write_verilog.tcl |& tee >&@stdout /openLANE_flow/cmp/runs/run_three/logs/54-write_verilog.log"

Sun Aug 22 05:15:30 UTC 2021 - Executing "sed -i -e {s/\(set ::env(CURRENT_NETLIST)\).*/\1 \/openLANE_flow\/cmp\/runs\/run_three\/results\/synthesis\/cmp.synthesis_optimized.v/} /openLANE_flow/cmp/runs/run_three/config.tcl"

Sun Aug 22 05:15:30 UTC 2021 - Executing "sed -i -e {s/\(set ::env(PREV_NETLIST)\).*/\1 \/openLANE_flow\/cmp\/runs\/run_three\/results\/synthesis\/cmp.synthesis.v/} /openLANE_flow/cmp/runs/run_three/config.tcl"

Sun Aug 22 05:15:30 UTC 2021 - Executing "openroad -exit /openLANE_flow/scripts/sta.tcl |& tee >&@stdout /openLANE_flow/cmp/runs/run_three/logs/synthesis/55-opensta_post_resizer"

Sun Aug 22 05:15:33 UTC 2021 - Executing "openroad -exit /openLANE_flow/scripts/openroad/or_opendp.tcl |& tee >&@stdout /openLANE_flow/cmp/runs/run_three/logs/placement/56-opendp.log"

Sun Aug 22 05:15:34 UTC 2021 - Executing "openroad -exit /openLANE_flow/scripts/openroad/or_cts.tcl |& tee >&@stdout /openLANE_flow/cmp/runs/run_three/logs/cts/57-cts.log"

Sun Aug 22 05:17:13 UTC 2021 - Executing "openroad -exit /openLANE_flow/scripts/openroad/or_write_verilog.tcl |& tee >&@stdout /openLANE_flow/cmp/runs/run_three/logs/58-write_verilog.log"

Sun Aug 22 05:17:14 UTC 2021 - Executing "sed -i -e {s/\(set ::env(CURRENT_NETLIST)\).*/\1 \/openLANE_flow\/cmp\/runs\/run_three\/results\/synthesis\/cmp.synthesis_cts.v/} /openLANE_flow/cmp/runs/run_three/config.tcl"

Sun Aug 22 05:17:14 UTC 2021 - Executing "sed -i -e {s/\(set ::env(PREV_NETLIST)\).*/\1 \/openLANE_flow\/cmp\/runs\/run_three\/results\/synthesis\/cmp.synthesis_optimized.v/} /openLANE_flow/cmp/runs/run_three/config.tcl"

Sun Aug 22 05:17:14 UTC 2021 - Executing "openroad -exit /openLANE_flow/scripts/openroad/or_resizer_timing.tcl |& tee >&@stdout /openLANE_flow/cmp/runs/run_three/logs/placement/58-resizer_timing.log"

Sun Aug 22 05:17:15 UTC 2021 - Executing "openroad -exit /openLANE_flow/scripts/openroad/or_write_verilog.tcl |& tee >&@stdout /openLANE_flow/cmp/runs/run_three/logs/59-write_verilog.log"

Sun Aug 22 05:17:16 UTC 2021 - Executing "sed -i -e {s/\(set ::env(CURRENT_NETLIST)\).*/\1 \/openLANE_flow\/cmp\/runs\/run_three\/results\/synthesis\/cmp.synthesis_optimized.v/} /openLANE_flow/cmp/runs/run_three/config.tcl"

Sun Aug 22 05:17:16 UTC 2021 - Executing "sed -i -e {s/\(set ::env(PREV_NETLIST)\).*/\1 \/openLANE_flow\/cmp\/runs\/run_three\/results\/synthesis\/cmp.synthesis_cts.v/} /openLANE_flow/cmp/runs/run_three/config.tcl"

Sun Aug 22 05:17:16 UTC 2021 - Executing "openroad -exit /openLANE_flow/scripts/sta.tcl |& tee >&@stdout /openLANE_flow/cmp/runs/run_three/logs/synthesis/60-opensta_post_resizer_timing"

Sun Aug 22 05:17:19 UTC 2021 - Executing "openroad -exit /openLANE_flow/scripts/openroad/or_groute.tcl |& tee >&@stdout /openLANE_flow/cmp/runs/run_three/logs/routing/61-fastroute.log"

Sun Aug 22 05:17:22 UTC 2021 - Executing "openroad -exit /openLANE_flow/scripts/openroad/or_fill.tcl |& tee >&@stdout /openLANE_flow/cmp/runs/run_three/logs/routing/62-addspacers.log"

Sun Aug 22 05:17:23 UTC 2021 - Executing "openroad -exit /openLANE_flow/scripts/openroad/or_write_verilog.tcl |& tee >&@stdout /openLANE_flow/cmp/runs/run_three/logs/63-write_verilog.log"

Sun Aug 22 05:17:24 UTC 2021 - Executing "sed -i -e {s/\(set ::env(CURRENT_NETLIST)\).*/\1 \/openLANE_flow\/cmp\/runs\/run_three\/results\/synthesis\/cmp.synthesis_preroute.v/} /openLANE_flow/cmp/runs/run_three/config.tcl"

Sun Aug 22 05:17:24 UTC 2021 - Executing "sed -i -e {s/\(set ::env(PREV_NETLIST)\).*/\1 \/openLANE_flow\/cmp\/runs\/run_three\/results\/synthesis\/cmp.synthesis_optimized.v/} /openLANE_flow/cmp/runs/run_three/config.tcl"

Sun Aug 22 05:17:24 UTC 2021 - Executing "envsubst < /openLANE_flow/scripts/tritonRoute.param > /openLANE_flow/cmp/runs/run_three/tmp/routing/64-tritonRoute.param"

Sun Aug 22 05:17:24 UTC 2021 - Executing "openroad -exit /openLANE_flow/scripts/openroad/or_droute.tcl |& tee >&@stdout /openLANE_flow/cmp/runs/run_three/logs/routing/64-tritonRoute.log"

Sun Aug 22 05:17:26 UTC 2021 - Executing "openroad -python /openLANE_flow/scripts/tr2klayout.py -i /openLANE_flow/cmp/runs/run_three/reports/routing/64-tritonRoute.drc -o /openLANE_flow/cmp/runs/run_three/reports/routing/64-tritonRoute.klayout.xml --design-name cmp"

Sun Aug 22 05:17:27 UTC 2021 - Executing "openroad -python /openLANE_flow/scripts/spef_extractor/main.py -l /openLANE_flow/cmp/runs/run_three/tmp/merged_unpadded.lef -d /openLANE_flow/cmp/runs/run_three/results/routing/63-cmp.def -mw L -ec 1 |& tee >&@stdout /openLANE_flow/cmp/runs/run_three/logs/routing/65-spef_extraction.log"

Sun Aug 22 05:17:28 UTC 2021 - Executing "openroad -exit /openLANE_flow/scripts/sta.tcl |& tee >&@stdout /openLANE_flow/cmp/runs/run_three/logs/synthesis/66-opensta_spef"

Sun Aug 22 05:17:31 UTC 2021 - Executing "openroad -python /openLANE_flow/scripts/write_powered_def.py -d /openLANE_flow/cmp/runs/run_three/results/routing/26-cmp.def -l /openLANE_flow/cmp/runs/run_three/tmp/merged.lef --power-port VPWR --ground-port VGND --powered-netlist {} -o /openLANE_flow/cmp/runs/run_three/tmp/routing/67-cmp.powered.def |& tee >&@stdout /openLANE_flow/cmp/runs/run_three/logs/lvs/67-write_powered_verilog.log"

Sun Aug 22 05:17:32 UTC 2021 - Executing "openroad -exit /openLANE_flow/scripts/openroad/or_write_verilog.tcl |& tee >&@stdout /openLANE_flow/cmp/runs/run_three/logs/68-write_verilog.log"

Sun Aug 22 05:17:33 UTC 2021 - Executing "sed -i -e {s/\(set ::env(CURRENT_NETLIST)\).*/\1 \/openLANE_flow\/cmp\/runs\/run_three\/results\/lvs\/cmp.lvs.powered.v/} /openLANE_flow/cmp/runs/run_three/config.tcl"

Sun Aug 22 05:17:33 UTC 2021 - Executing "sed -i -e {s/\(set ::env(PREV_NETLIST)\).*/\1 \/openLANE_flow\/cmp\/runs\/run_three\/results\/synthesis\/cmp.synthesis_preroute.v/} /openLANE_flow/cmp/runs/run_three/config.tcl"

Sun Aug 22 05:17:33 UTC 2021 - Executing "magic -noconsole -dnull -rcfile /openLANE_flow/pdks/sky130A/libs.tech/magic/sky130A.magicrc /openLANE_flow/scripts/magic/mag_gds.tcl </dev/null |& tee >&@stdout /openLANE_flow/cmp/runs/run_three/logs/magic/69-magic.log"

Sun Aug 22 05:17:33 UTC 2021 - Executing "magic -noconsole -dnull -rcfile /openLANE_flow/pdks/sky130A/libs.tech/magic/sky130A.magicrc /openLANE_flow/scripts/magic/gds_pointers.tcl </dev/null |& tee >&@stdout /openLANE_flow/cmp/runs/run_three/logs/magic/70-magic.mag.gds_ptrs.log"

Sun Aug 22 05:17:34 UTC 2021 - Executing "sed -i -n {/^<< properties >>/,/^<< end >>/p} /openLANE_flow/cmp/runs/run_three/tmp/magic/magic_gds_ptrs.mag"

Sun Aug 22 05:17:34 UTC 2021 - Executing "magic -noconsole -dnull -rcfile /openLANE_flow/pdks/sky130A/libs.tech/magic/sky130A.magicrc /openLANE_flow/scripts/magic/lef.tcl </dev/null |& tee >&@stdout /openLANE_flow/cmp/runs/run_three/logs/magic/71-magic.lef.log"

Sun Aug 22 05:17:34 UTC 2021 - Executing "magic -noconsole -dnull -rcfile /openLANE_flow/pdks/sky130A/libs.tech/magic/sky130A.magicrc /openLANE_flow/scripts/magic/maglef.tcl </dev/null |& tee >&@stdout /openLANE_flow/cmp/runs/run_three/logs/magic/72-magic.maglef.log"

Sun Aug 22 05:17:34 UTC 2021 - Executing "bash /openLANE_flow/scripts/klayout/def2gds.sh /openLANE_flow/pdks/sky130A/libs.tech/klayout/sky130A.lyt /openLANE_flow/cmp/runs/run_three/results/routing/26-cmp.def cmp /openLANE_flow/cmp/runs/run_three/results/klayout/cmp.gds {/openLANE_flow/pdks/sky130A/libs.ref/sky130_fd_sc_hd/gds/sky130_ef_sc_hd__fakediode_2.gds /openLANE_flow/pdks/sky130A/libs.ref/sky130_fd_sc_hd/gds/sky130_ef_sc_hd__fill_12.gds /openLANE_flow/pdks/sky130A/libs.ref/sky130_fd_sc_hd/gds/sky130_fd_sc_hd.gds /openLANE_flow/pdks/sky130A/libs.ref/sky130_fd_sc_hd/gds/sky130_ef_sc_hd__decap_12.gds } |& tee >&@stdout /openLANE_flow/cmp/runs/run_three/logs/klayout/73-klayout.log"

Sun Aug 22 05:17:40 UTC 2021 - Executing "bash /openLANE_flow/scripts/klayout/xor.sh /openLANE_flow/cmp/runs/run_three/results/magic/cmp.gds /openLANE_flow/cmp/runs/run_three/results/klayout/cmp.gds cmp /openLANE_flow/cmp/runs/run_three/results/klayout/cmp.xor.gds |& tee >&@stdout /openLANE_flow/cmp/runs/run_three/logs/klayout/74-klayout.xor.log"

Sun Aug 22 05:17:52 UTC 2021 - Executing "openroad -python /openLANE_flow/scripts/parse_klayout_xor_log.py -l /openLANE_flow/cmp/runs/run_three/logs/klayout/74-klayout.xor.log -o /openLANE_flow/cmp/runs/run_three/reports/klayout/74-klayout.xor.rpt"

Sun Aug 22 05:17:53 UTC 2021 - Executing "bash /openLANE_flow/scripts/klayout/xor.sh /openLANE_flow/cmp/runs/run_three/results/magic/cmp.gds /openLANE_flow/cmp/runs/run_three/results/klayout/cmp.gds cmp /openLANE_flow/cmp/runs/run_three/results/klayout/cmp.xor.xml |& tee >&@stdout /openLANE_flow/cmp/runs/run_three/logs/klayout/75-klayout.xor.log"

Sun Aug 22 05:18:04 UTC 2021 - Executing "openroad -python /openLANE_flow/scripts/parse_klayout_xor_log.py -l /openLANE_flow/cmp/runs/run_three/logs/klayout/75-klayout.xor.log -o /openLANE_flow/cmp/runs/run_three/reports/klayout/75-klayout.xor.rpt"

Sun Aug 22 05:18:05 UTC 2021 - Executing "magic -noconsole -dnull -rcfile /openLANE_flow/pdks/sky130A/libs.tech/magic/sky130A.magicrc /openLANE_flow/cmp/runs/run_three/tmp/magic_spice.tcl </dev/null |& tee >&@stdout /openLANE_flow/cmp/runs/run_three/logs/magic/76-magic_spice.log"

Sun Aug 22 05:18:05 UTC 2021 - Executing "netgen -batch source /openLANE_flow/cmp/runs/run_three/tmp/lvs/setup_file.lef.lvs |& tee >&@stdout /openLANE_flow/cmp/runs/run_three/logs/lvs/77-lvs.lef.log"

Sun Aug 22 05:18:06 UTC 2021 - Executing "magic -noconsole -dnull -rcfile /openLANE_flow/pdks/sky130A/libs.tech/magic/sky130A.magicrc /openLANE_flow/scripts/magic/drc.tcl </dev/null |& tee >&@stdout /openLANE_flow/cmp/runs/run_three/logs/magic/78-magic.drc.log"

Sun Aug 22 05:18:06 UTC 2021 - Executing "openroad -python /openLANE_flow/scripts/magic_drc_to_tcl.py -i /openLANE_flow/cmp/runs/run_three/reports/magic/78-magic.drc -o /openLANE_flow/cmp/runs/run_three/reports/magic/78-magic.drc.tcl"

Sun Aug 22 05:18:07 UTC 2021 - Executing "openroad -python /openLANE_flow/scripts/magic_drc_to_tr_drc.py -i /openLANE_flow/cmp/runs/run_three/reports/magic/78-magic.drc -o /openLANE_flow/cmp/runs/run_three/reports/magic/78-magic.tr.drc"

Sun Aug 22 05:18:08 UTC 2021 - Executing "openroad -python /openLANE_flow/scripts/tr2klayout.py -i /openLANE_flow/cmp/runs/run_three/reports/magic/78-magic.tr.drc -o /openLANE_flow/cmp/runs/run_three/reports/magic/78-magic.drc.klayout.xml --design-name cmp"

Sun Aug 22 05:18:09 UTC 2021 - Executing "openroad -python /openLANE_flow/scripts/magic_drc_to_rdb.py --magic_drc_in /openLANE_flow/cmp/runs/run_three/reports/magic/78-magic.drc --rdb_out /openLANE_flow/cmp/runs/run_three/reports/magic/78-magic.drc.rdb"

Sun Aug 22 05:18:10 UTC 2021 - Executing "openroad -exit /openLANE_flow/scripts/openroad/or_antenna_check.tcl |& tee >&@stdout /openLANE_flow/cmp/runs/run_three/logs/routing/79-or_antenna.log"

Sun Aug 22 05:18:11 UTC 2021 - Executing "mv -f /openLANE_flow/cmp/runs/run_three/reports/routing/antenna.rpt /openLANE_flow/cmp/runs/run_three/reports/routing/80-antenna.rpt"

Sun Aug 22 05:18:11 UTC 2021 - Executing "awk { BEGIN {  # Print power and standard_input definitions
    print "VPWR power 1.8";
    print "VGND power 0.0";
    print "#define std_input min@VGND max@VPWR";
}
$1 == "input" {  # Print input nets
    gsub(/;/, "");
    if ( $2 == "VPWR" || $2 == "VGND" ) {  # ignore power nets
        next;
    }
    if ( NF == 3 ) {  # print buses as net[range]
        $2 = $3 $2;
    }
    print $2, "input std_input";
}} /openLANE_flow/cmp/runs/run_three/results/lvs/cmp.lvs.powered.v > /openLANE_flow/cmp/runs/run_three/results/cvc/cmp.power"

Sun Aug 22 05:18:11 UTC 2021 - Executing "awk { /Black-box entry subcircuit/ {  # remove black-box defintions
    while ( $1 != ".ends" ) {
        getline;
    }
    getline;
}
/^\*/ {  # remove comments
    next;
}
/^.ENDS .*/ {  # remove name from ends lines
    print $1;
    next;
}
 {
    print $0;
}} /openLANE_flow/pdks/sky130A/libs.ref/sky130_fd_sc_hd/cdl/sky130_fd_sc_hd.cdl /openLANE_flow/cmp/runs/run_three/results/magic/cmp.lef.spice > /openLANE_flow/cmp/runs/run_three/results/cvc/cmp.cdl"

Sun Aug 22 05:18:11 UTC 2021 - Executing "cvc /openLANE_flow/scripts/cvc/sky130A/cvcrc.sky130A |& tee >&@stdout /openLANE_flow/cmp/runs/run_three/logs/cvc/81-cvc_screen.log"

Sun Aug 22 05:18:11 UTC 2021 - Executing "openroad -python /openLANE_flow/report_generation_wrapper.py -d /openLANE_flow/cmp -dn cmp -t run_three -o /openLANE_flow/cmp/runs/run_three/reports/final_summary_report.csv -m /openLANE_flow/cmp/runs/run_three/reports/manufacturability_report.rpt -rs /openLANE_flow/cmp/runs/run_three/reports/runtime_summary_report.rpt -r /openLANE_flow/cmp/runs/run_three"

Sun Aug 22 05:19:13 UTC 2021 - Executing "echo {openlane 2021.08.02_05.21.44} > /openLANE_flow/cmp/runs/run_three/OPENLANE_VERSION"

Sun Aug 22 05:19:13 UTC 2021 - Executing "openroad -python /openLANE_flow/report_generation_wrapper.py -d /openLANE_flow/cmp -dn cmp -t run_three -o /openLANE_flow/cmp/runs/run_three/reports/final_summary_report.csv -m /openLANE_flow/cmp/runs/run_three/reports/manufacturability_report.rpt -rs /openLANE_flow/cmp/runs/run_three/reports/runtime_summary_report.rpt -r /openLANE_flow/cmp/runs/run_three"

Sun Aug 22 05:19:25 UTC 2021 - Executing "echo {openlane 2021.08.02_05.21.44} > /openLANE_flow/cmp/runs/run_three/OPENLANE_VERSION"

Sun Aug 22 05:19:25 UTC 2021 - Executing "sed -i -e {s/\(set ::env(CURRENT_NETLIST)\).*/\1 \/openLANE_flow\/cmp\/runs\/run_three\/results\/synthesis\/cmp.synthesis.v/} /openLANE_flow/cmp/runs/run_three/config.tcl"

Sun Aug 22 05:19:25 UTC 2021 - Executing "sed -i -e {s/\(set ::env(PREV_NETLIST)\).*/\1 \/openLANE_flow\/cmp\/runs\/run_three\/results\/lvs\/cmp.lvs.powered.v/} /openLANE_flow/cmp/runs/run_three/config.tcl"

Sun Aug 22 05:19:25 UTC 2021 - Executing "openroad -exit /openLANE_flow/scripts/sta.tcl |& tee >&@stdout /openLANE_flow/cmp/runs/run_three/logs/synthesis/82-opensta"

Sun Aug 22 05:19:29 UTC 2021 - Executing "openroad -exit /openLANE_flow/scripts/openroad/or_floorplan.tcl |& tee >&@stdout /openLANE_flow/cmp/runs/run_three/logs/floorplan/83-verilog2def.openroad.log"

Sun Aug 22 05:19:31 UTC 2021 - Executing "openroad -exit /openLANE_flow/scripts/openroad/or_ioplacer.tcl |& tee >&@stdout /openLANE_flow/cmp/runs/run_three/logs/floorplan/84-ioPlacer.log"

Sun Aug 22 05:19:33 UTC 2021 - Executing "openroad -exit /openLANE_flow/scripts/openroad/or_tapcell.tcl |& tee >&@stdout /openLANE_flow/cmp/runs/run_three/logs/floorplan/85-tapcell.log"

Sun Aug 22 05:19:34 UTC 2021 - Executing "openroad -exit /openLANE_flow/scripts/openroad/or_pdn.tcl |& tee >&@stdout /openLANE_flow/cmp/runs/run_three/logs/floorplan/86-pdn.log"

Sun Aug 22 05:19:35 UTC 2021 - Executing "openroad -exit /openLANE_flow/scripts/openroad/or_replace.tcl |& tee >&@stdout /openLANE_flow/cmp/runs/run_three/logs/placement/87-replace.log"

Sun Aug 22 05:19:38 UTC 2021 - Executing "openroad -exit /openLANE_flow/scripts/openroad/or_resizer.tcl |& tee >&@stdout /openLANE_flow/cmp/runs/run_three/logs/placement/87-resizer.log"

Sun Aug 22 05:19:40 UTC 2021 - Executing "openroad -exit /openLANE_flow/scripts/openroad/or_write_verilog.tcl |& tee >&@stdout /openLANE_flow/cmp/runs/run_three/logs/88-write_verilog.log"

Sun Aug 22 05:19:41 UTC 2021 - Executing "sed -i -e {s/\(set ::env(CURRENT_NETLIST)\).*/\1 \/openLANE_flow\/cmp\/runs\/run_three\/results\/synthesis\/cmp.synthesis_optimized.v/} /openLANE_flow/cmp/runs/run_three/config.tcl"

Sun Aug 22 05:19:41 UTC 2021 - Executing "sed -i -e {s/\(set ::env(PREV_NETLIST)\).*/\1 \/openLANE_flow\/cmp\/runs\/run_three\/results\/synthesis\/cmp.synthesis.v/} /openLANE_flow/cmp/runs/run_three/config.tcl"

Sun Aug 22 05:19:41 UTC 2021 - Executing "openroad -exit /openLANE_flow/scripts/sta.tcl |& tee >&@stdout /openLANE_flow/cmp/runs/run_three/logs/synthesis/89-opensta_post_resizer"

Sun Aug 22 05:19:43 UTC 2021 - Executing "openroad -exit /openLANE_flow/scripts/openroad/or_opendp.tcl |& tee >&@stdout /openLANE_flow/cmp/runs/run_three/logs/placement/90-opendp.log"

Sun Aug 22 05:19:44 UTC 2021 - Executing "openroad -exit /openLANE_flow/scripts/openroad/or_cts.tcl |& tee >&@stdout /openLANE_flow/cmp/runs/run_three/logs/cts/91-cts.log"

Sun Aug 22 05:21:31 UTC 2021 - Executing "openroad -exit /openLANE_flow/scripts/openroad/or_write_verilog.tcl |& tee >&@stdout /openLANE_flow/cmp/runs/run_three/logs/92-write_verilog.log"

Sun Aug 22 05:21:32 UTC 2021 - Executing "sed -i -e {s/\(set ::env(CURRENT_NETLIST)\).*/\1 \/openLANE_flow\/cmp\/runs\/run_three\/results\/synthesis\/cmp.synthesis_cts.v/} /openLANE_flow/cmp/runs/run_three/config.tcl"

Sun Aug 22 05:21:32 UTC 2021 - Executing "sed -i -e {s/\(set ::env(PREV_NETLIST)\).*/\1 \/openLANE_flow\/cmp\/runs\/run_three\/results\/synthesis\/cmp.synthesis_optimized.v/} /openLANE_flow/cmp/runs/run_three/config.tcl"

Sun Aug 22 05:21:32 UTC 2021 - Executing "openroad -exit /openLANE_flow/scripts/openroad/or_resizer_timing.tcl |& tee >&@stdout /openLANE_flow/cmp/runs/run_three/logs/placement/92-resizer_timing.log"

Sun Aug 22 05:21:34 UTC 2021 - Executing "openroad -exit /openLANE_flow/scripts/openroad/or_write_verilog.tcl |& tee >&@stdout /openLANE_flow/cmp/runs/run_three/logs/93-write_verilog.log"

Sun Aug 22 05:21:35 UTC 2021 - Executing "sed -i -e {s/\(set ::env(CURRENT_NETLIST)\).*/\1 \/openLANE_flow\/cmp\/runs\/run_three\/results\/synthesis\/cmp.synthesis_optimized.v/} /openLANE_flow/cmp/runs/run_three/config.tcl"

Sun Aug 22 05:21:35 UTC 2021 - Executing "sed -i -e {s/\(set ::env(PREV_NETLIST)\).*/\1 \/openLANE_flow\/cmp\/runs\/run_three\/results\/synthesis\/cmp.synthesis_cts.v/} /openLANE_flow/cmp/runs/run_three/config.tcl"

Sun Aug 22 05:21:35 UTC 2021 - Executing "openroad -exit /openLANE_flow/scripts/sta.tcl |& tee >&@stdout /openLANE_flow/cmp/runs/run_three/logs/synthesis/94-opensta_post_resizer_timing"

Sun Aug 22 05:21:38 UTC 2021 - Executing "openroad -exit /openLANE_flow/scripts/openroad/or_groute.tcl |& tee >&@stdout /openLANE_flow/cmp/runs/run_three/logs/routing/95-fastroute.log"

Sun Aug 22 05:21:42 UTC 2021 - Executing "openroad -exit /openLANE_flow/scripts/openroad/or_fill.tcl |& tee >&@stdout /openLANE_flow/cmp/runs/run_three/logs/routing/96-addspacers.log"

Sun Aug 22 05:21:43 UTC 2021 - Executing "openroad -exit /openLANE_flow/scripts/openroad/or_write_verilog.tcl |& tee >&@stdout /openLANE_flow/cmp/runs/run_three/logs/97-write_verilog.log"

Sun Aug 22 05:21:44 UTC 2021 - Executing "sed -i -e {s/\(set ::env(CURRENT_NETLIST)\).*/\1 \/openLANE_flow\/cmp\/runs\/run_three\/results\/synthesis\/cmp.synthesis_preroute.v/} /openLANE_flow/cmp/runs/run_three/config.tcl"

Sun Aug 22 05:21:44 UTC 2021 - Executing "sed -i -e {s/\(set ::env(PREV_NETLIST)\).*/\1 \/openLANE_flow\/cmp\/runs\/run_three\/results\/synthesis\/cmp.synthesis_optimized.v/} /openLANE_flow/cmp/runs/run_three/config.tcl"

Sun Aug 22 05:21:44 UTC 2021 - Executing "envsubst < /openLANE_flow/scripts/tritonRoute.param > /openLANE_flow/cmp/runs/run_three/tmp/routing/98-tritonRoute.param"

Sun Aug 22 05:21:44 UTC 2021 - Executing "openroad -exit /openLANE_flow/scripts/openroad/or_droute.tcl |& tee >&@stdout /openLANE_flow/cmp/runs/run_three/logs/routing/98-tritonRoute.log"

Sun Aug 22 05:21:46 UTC 2021 - Executing "openroad -python /openLANE_flow/scripts/tr2klayout.py -i /openLANE_flow/cmp/runs/run_three/reports/routing/98-tritonRoute.drc -o /openLANE_flow/cmp/runs/run_three/reports/routing/98-tritonRoute.klayout.xml --design-name cmp"

Sun Aug 22 05:21:48 UTC 2021 - Executing "openroad -python /openLANE_flow/scripts/spef_extractor/main.py -l /openLANE_flow/cmp/runs/run_three/tmp/merged_unpadded.lef -d /openLANE_flow/cmp/runs/run_three/results/routing/97-cmp.def -mw L -ec 1 |& tee >&@stdout /openLANE_flow/cmp/runs/run_three/logs/routing/99-spef_extraction.log"

Sun Aug 22 05:21:49 UTC 2021 - Executing "openroad -exit /openLANE_flow/scripts/sta.tcl |& tee >&@stdout /openLANE_flow/cmp/runs/run_three/logs/synthesis/100-opensta_spef"

Sun Aug 22 05:21:52 UTC 2021 - Executing "openroad -python /openLANE_flow/scripts/write_powered_def.py -d /openLANE_flow/cmp/runs/run_three/results/routing/26-cmp.def -l /openLANE_flow/cmp/runs/run_three/tmp/merged.lef --power-port VPWR --ground-port VGND --powered-netlist {} -o /openLANE_flow/cmp/runs/run_three/tmp/routing/101-cmp.powered.def |& tee >&@stdout /openLANE_flow/cmp/runs/run_three/logs/lvs/101-write_powered_verilog.log"

Sun Aug 22 05:21:53 UTC 2021 - Executing "openroad -exit /openLANE_flow/scripts/openroad/or_write_verilog.tcl |& tee >&@stdout /openLANE_flow/cmp/runs/run_three/logs/102-write_verilog.log"

Sun Aug 22 05:21:55 UTC 2021 - Executing "sed -i -e {s/\(set ::env(CURRENT_NETLIST)\).*/\1 \/openLANE_flow\/cmp\/runs\/run_three\/results\/lvs\/cmp.lvs.powered.v/} /openLANE_flow/cmp/runs/run_three/config.tcl"

Sun Aug 22 05:21:55 UTC 2021 - Executing "sed -i -e {s/\(set ::env(PREV_NETLIST)\).*/\1 \/openLANE_flow\/cmp\/runs\/run_three\/results\/synthesis\/cmp.synthesis_preroute.v/} /openLANE_flow/cmp/runs/run_three/config.tcl"

Sun Aug 22 05:21:55 UTC 2021 - Executing "magic -noconsole -dnull -rcfile /openLANE_flow/pdks/sky130A/libs.tech/magic/sky130A.magicrc /openLANE_flow/scripts/magic/mag_gds.tcl </dev/null |& tee >&@stdout /openLANE_flow/cmp/runs/run_three/logs/magic/103-magic.log"

Sun Aug 22 05:21:55 UTC 2021 - Executing "magic -noconsole -dnull -rcfile /openLANE_flow/pdks/sky130A/libs.tech/magic/sky130A.magicrc /openLANE_flow/scripts/magic/gds_pointers.tcl </dev/null |& tee >&@stdout /openLANE_flow/cmp/runs/run_three/logs/magic/104-magic.mag.gds_ptrs.log"

Sun Aug 22 05:21:55 UTC 2021 - Executing "sed -i -n {/^<< properties >>/,/^<< end >>/p} /openLANE_flow/cmp/runs/run_three/tmp/magic/magic_gds_ptrs.mag"

Sun Aug 22 05:21:55 UTC 2021 - Executing "magic -noconsole -dnull -rcfile /openLANE_flow/pdks/sky130A/libs.tech/magic/sky130A.magicrc /openLANE_flow/scripts/magic/lef.tcl </dev/null |& tee >&@stdout /openLANE_flow/cmp/runs/run_three/logs/magic/105-magic.lef.log"

Sun Aug 22 05:21:56 UTC 2021 - Executing "magic -noconsole -dnull -rcfile /openLANE_flow/pdks/sky130A/libs.tech/magic/sky130A.magicrc /openLANE_flow/scripts/magic/maglef.tcl </dev/null |& tee >&@stdout /openLANE_flow/cmp/runs/run_three/logs/magic/106-magic.maglef.log"

Sun Aug 22 05:21:56 UTC 2021 - Executing "bash /openLANE_flow/scripts/klayout/def2gds.sh /openLANE_flow/pdks/sky130A/libs.tech/klayout/sky130A.lyt /openLANE_flow/cmp/runs/run_three/results/routing/26-cmp.def cmp /openLANE_flow/cmp/runs/run_three/results/klayout/cmp.gds {/openLANE_flow/pdks/sky130A/libs.ref/sky130_fd_sc_hd/gds/sky130_ef_sc_hd__fakediode_2.gds /openLANE_flow/pdks/sky130A/libs.ref/sky130_fd_sc_hd/gds/sky130_ef_sc_hd__fill_12.gds /openLANE_flow/pdks/sky130A/libs.ref/sky130_fd_sc_hd/gds/sky130_fd_sc_hd.gds /openLANE_flow/pdks/sky130A/libs.ref/sky130_fd_sc_hd/gds/sky130_ef_sc_hd__decap_12.gds } |& tee >&@stdout /openLANE_flow/cmp/runs/run_three/logs/klayout/107-klayout.log"

Sun Aug 22 05:22:02 UTC 2021 - Executing "bash /openLANE_flow/scripts/klayout/xor.sh /openLANE_flow/cmp/runs/run_three/results/magic/cmp.gds /openLANE_flow/cmp/runs/run_three/results/klayout/cmp.gds cmp /openLANE_flow/cmp/runs/run_three/results/klayout/cmp.xor.gds |& tee >&@stdout /openLANE_flow/cmp/runs/run_three/logs/klayout/108-klayout.xor.log"

Sun Aug 22 05:22:14 UTC 2021 - Executing "openroad -python /openLANE_flow/scripts/parse_klayout_xor_log.py -l /openLANE_flow/cmp/runs/run_three/logs/klayout/108-klayout.xor.log -o /openLANE_flow/cmp/runs/run_three/reports/klayout/108-klayout.xor.rpt"

Sun Aug 22 05:22:15 UTC 2021 - Executing "bash /openLANE_flow/scripts/klayout/xor.sh /openLANE_flow/cmp/runs/run_three/results/magic/cmp.gds /openLANE_flow/cmp/runs/run_three/results/klayout/cmp.gds cmp /openLANE_flow/cmp/runs/run_three/results/klayout/cmp.xor.xml |& tee >&@stdout /openLANE_flow/cmp/runs/run_three/logs/klayout/109-klayout.xor.log"

Sun Aug 22 05:22:26 UTC 2021 - Executing "openroad -python /openLANE_flow/scripts/parse_klayout_xor_log.py -l /openLANE_flow/cmp/runs/run_three/logs/klayout/109-klayout.xor.log -o /openLANE_flow/cmp/runs/run_three/reports/klayout/109-klayout.xor.rpt"

Sun Aug 22 05:22:27 UTC 2021 - Executing "magic -noconsole -dnull -rcfile /openLANE_flow/pdks/sky130A/libs.tech/magic/sky130A.magicrc /openLANE_flow/cmp/runs/run_three/tmp/magic_spice.tcl </dev/null |& tee >&@stdout /openLANE_flow/cmp/runs/run_three/logs/magic/110-magic_spice.log"

Sun Aug 22 05:22:28 UTC 2021 - Executing "netgen -batch source /openLANE_flow/cmp/runs/run_three/tmp/lvs/setup_file.lef.lvs |& tee >&@stdout /openLANE_flow/cmp/runs/run_three/logs/lvs/111-lvs.lef.log"

Sun Aug 22 05:22:28 UTC 2021 - Executing "magic -noconsole -dnull -rcfile /openLANE_flow/pdks/sky130A/libs.tech/magic/sky130A.magicrc /openLANE_flow/scripts/magic/drc.tcl </dev/null |& tee >&@stdout /openLANE_flow/cmp/runs/run_three/logs/magic/112-magic.drc.log"

Sun Aug 22 05:22:28 UTC 2021 - Executing "openroad -python /openLANE_flow/scripts/magic_drc_to_tcl.py -i /openLANE_flow/cmp/runs/run_three/reports/magic/112-magic.drc -o /openLANE_flow/cmp/runs/run_three/reports/magic/112-magic.drc.tcl"

Sun Aug 22 05:22:29 UTC 2021 - Executing "openroad -python /openLANE_flow/scripts/magic_drc_to_tr_drc.py -i /openLANE_flow/cmp/runs/run_three/reports/magic/112-magic.drc -o /openLANE_flow/cmp/runs/run_three/reports/magic/112-magic.tr.drc"

Sun Aug 22 05:22:30 UTC 2021 - Executing "openroad -python /openLANE_flow/scripts/tr2klayout.py -i /openLANE_flow/cmp/runs/run_three/reports/magic/112-magic.tr.drc -o /openLANE_flow/cmp/runs/run_three/reports/magic/112-magic.drc.klayout.xml --design-name cmp"

Sun Aug 22 05:22:31 UTC 2021 - Executing "openroad -python /openLANE_flow/scripts/magic_drc_to_rdb.py --magic_drc_in /openLANE_flow/cmp/runs/run_three/reports/magic/112-magic.drc --rdb_out /openLANE_flow/cmp/runs/run_three/reports/magic/112-magic.drc.rdb"

Sun Aug 22 05:22:32 UTC 2021 - Executing "openroad -exit /openLANE_flow/scripts/openroad/or_antenna_check.tcl |& tee >&@stdout /openLANE_flow/cmp/runs/run_three/logs/routing/113-or_antenna.log"

Sun Aug 22 05:22:33 UTC 2021 - Executing "mv -f /openLANE_flow/cmp/runs/run_three/reports/routing/antenna.rpt /openLANE_flow/cmp/runs/run_three/reports/routing/114-antenna.rpt"

Sun Aug 22 05:22:33 UTC 2021 - Executing "awk { BEGIN {  # Print power and standard_input definitions
    print "VPWR power 1.8";
    print "VGND power 0.0";
    print "#define std_input min@VGND max@VPWR";
}
$1 == "input" {  # Print input nets
    gsub(/;/, "");
    if ( $2 == "VPWR" || $2 == "VGND" ) {  # ignore power nets
        next;
    }
    if ( NF == 3 ) {  # print buses as net[range]
        $2 = $3 $2;
    }
    print $2, "input std_input";
}} /openLANE_flow/cmp/runs/run_three/results/lvs/cmp.lvs.powered.v > /openLANE_flow/cmp/runs/run_three/results/cvc/cmp.power"

Sun Aug 22 05:22:33 UTC 2021 - Executing "awk { /Black-box entry subcircuit/ {  # remove black-box defintions
    while ( $1 != ".ends" ) {
        getline;
    }
    getline;
}
/^\*/ {  # remove comments
    next;
}
/^.ENDS .*/ {  # remove name from ends lines
    print $1;
    next;
}
 {
    print $0;
}} /openLANE_flow/pdks/sky130A/libs.ref/sky130_fd_sc_hd/cdl/sky130_fd_sc_hd.cdl /openLANE_flow/cmp/runs/run_three/results/magic/cmp.lef.spice > /openLANE_flow/cmp/runs/run_three/results/cvc/cmp.cdl"

Sun Aug 22 05:22:33 UTC 2021 - Executing "cvc /openLANE_flow/scripts/cvc/sky130A/cvcrc.sky130A |& tee >&@stdout /openLANE_flow/cmp/runs/run_three/logs/cvc/115-cvc_screen.log"

Sun Aug 22 05:22:33 UTC 2021 - Executing "openroad -python /openLANE_flow/report_generation_wrapper.py -d /openLANE_flow/cmp -dn cmp -t run_three -o /openLANE_flow/cmp/runs/run_three/reports/final_summary_report.csv -m /openLANE_flow/cmp/runs/run_three/reports/manufacturability_report.rpt -rs /openLANE_flow/cmp/runs/run_three/reports/runtime_summary_report.rpt -r /openLANE_flow/cmp/runs/run_three"

