0-prep 0h0m4s293ms
1-yosys 0h0m2s379ms
2-opensta 0h0m4s64ms
3-verilog2def_openroad 0h0m1s667ms
4-ioPlacer 0h0m1s146ms
5-tapcell 0h0m1s93ms
6-pdn 0h0m1s593ms
7-replace 0h0m2s802ms
7-resizer 0h0m1s727ms
8-write_verilog 0h0m1s25ms
9-opensta_post_resizer 0h0m2s403ms
10-prep 0h0m2s323ms
11-opensta 0h0m4s78ms
12-verilog2def_openroad 0h0m2s242ms
13-ioPlacer 0h0m1s654ms
14-tapcell 0h0m1s390ms
15-pdn 0h0m1s387ms
16-replace 0h0m2s678ms
16-resizer 0h0m1s622ms
17-write_verilog 0h0m0s996ms
18-opensta_post_resizer 0h0m2s417ms
19-opendp 0h0m1s39ms
20-cts 0h1m40s395ms
21-write_verilog 0h0m0s997ms
21-resizer_timing 0h0m1s450ms
22-write_verilog 0h0m0s992ms
23-opensta_post_resizer_timing 0h0m2s514ms
24-fastroute 0h0m2s856ms
25-addspacers 0h0m1s123ms
26-write_verilog 0h0m0s999ms
27-tritonRoute 0h0m3s82ms
28-spef_extraction 0h0m1s529ms
29-opensta_spef 0h0m2s502ms
31-write_verilog 0h0m0s979ms
35-magic_gen 0h0m1s716ms
36-klayout 0h0m6s990ms
38-klayout_xor 0h0m23s582ms
39-magic_ext_spice 0h0m0s446ms
40-lvs 0h0m0s196ms
41-magic_drc 0h0m5s245ms
43-or_antenna 0h0m1s196ms
44-prep 0h0m2s363ms
44-cvc 0h0m0s218ms
45-prep 0h0m2s369ms
45-yosys 0h0m9s491ms
46-prep 0h0m2s359ms
46-yosys 0h0m9s513ms
47-prep 0h0m2s317ms
0h0m2s353ms
47-yosys 0h0m9s471ms
48-opensta 0h0m4s146ms
49-verilog2def_openroad 0h0m2s322ms
50-ioPlacer 0h0m1s648ms
51-tapcell 0h0m1s233ms
52-pdn 0h0m1s453ms
53-replace 0h0m2s639ms
53-resizer 0h0m1s613ms
54-write_verilog 0h0m1s17ms
55-opensta_post_resizer 0h0m2s602ms
56-opendp 0h0m1s72ms
57-cts 0h1m39s306ms
58-write_verilog 0h0m0s994ms
58-resizer_timing 0h0m1s437ms
59-write_verilog 0h0m0s993ms
60-opensta_post_resizer_timing 0h0m2s442ms
61-fastroute 0h0m2s834ms
62-addspacers 0h0m1s16ms
63-write_verilog 0h0m1s5ms
64-tritonRoute 0h0m2s871ms
65-spef_extraction 0h0m1s484ms
66-opensta_spef 0h0m2s491ms
68-write_verilog 0h0m1s96ms
72-magic_gen 0h0m1s458ms
73-klayout 0h0m5s878ms
75-klayout_xor 0h0m24s803ms
76-magic_ext_spice 0h0m0s431ms
77-lvs 0h0m0s175ms
78-magic_drc 0h0m4s584ms
80-or_antenna 0h0m1s16ms
81-prep 0h0m2s344ms
0h0m2s381ms
81-cvc 0h0m0s193ms
82-opensta 0h0m4s142ms
83-verilog2def_openroad 0h0m2s355ms
84-ioPlacer 0h0m1s599ms
85-tapcell 0h0m1s55ms
86-pdn 0h0m1s385ms
87-replace 0h0m2s651ms
87-resizer 0h0m1s652ms
88-write_verilog 0h0m1s3ms
89-opensta_post_resizer 0h0m2s459ms
90-opendp 0h0m1s49ms
91-cts 0h1m46s616ms
92-write_verilog 0h0m1s30ms
92-resizer_timing 0h0m1s642ms
93-write_verilog 0h0m1s395ms
94-opensta_post_resizer_timing 0h0m3s338ms
95-fastroute 0h0m3s269ms
96-addspacers 0h0m1s274ms
97-write_verilog 0h0m1s210ms
98-tritonRoute 0h0m3s397ms
99-spef_extraction 0h0m1s811ms
100-opensta_spef 0h0m2s783ms
102-write_verilog 0h0m1s335ms
106-magic_gen 0h0m1s274ms
107-klayout 0h0m6s284ms
109-klayout_xor 0h0m24s931ms
110-magic_ext_spice 0h0m0s383ms
111-lvs 0h0m0s148ms
112-magic_drc 0h0m4s532ms
114-or_antenna 0h0m1s5ms
115-cvc 0h0m0s172ms