OpenROAD 1 4d4d7205fd0292dbf3fae55fad9109b3f0bd5786
This program is licensed under the BSD-3 license. See the LICENSE file for details.
Components of this program may be licensed under more restrictive licenses which must be honored.
[INFO ODB-0222] Reading LEF file: /openLANE_flow/cmp/runs/run_three/tmp/merged_unpadded.lef
[INFO ODB-0223]     Created 13 technology layers
[INFO ODB-0224]     Created 25 technology vias
[INFO ODB-0225]     Created 440 library cells
[INFO ODB-0226] Finished LEF file:  /openLANE_flow/cmp/runs/run_three/tmp/merged_unpadded.lef
[INFO ODB-0127] Reading DEF file: /openLANE_flow/cmp/runs/run_three/tmp/floorplan/84-ioPlacer.def
[INFO ODB-0128] Design: cmp
[INFO ODB-0130]     Created 10 pins.
[INFO ODB-0131]     Created 7 components and 58 component-terminals.
[INFO ODB-0133]     Created 16 nets and 30 connections.
[INFO ODB-0134] Finished DEF file: /openLANE_flow/cmp/runs/run_three/tmp/floorplan/84-ioPlacer.def
[WARNING TAP-0014] endcap_cpp option is deprecated.
[INFO TAP-0001] Macro blocks found: 0
[INFO TAP-0002] Original rows: 4
[INFO TAP-0003] Created rows: 0
[INFO TAP-0004] Endcaps inserted: 8
[INFO TAP-0005] Tapcells inserted: 0
